> ping6 100  2001:db8::1711:6b10:65fa:b822
12 bytes from 2001:db8::1711:6b10:65fa:b822: id=83 seq=1 hop limit=64 time = 9.444 ms
12 bytes from 2001:db8::1711:6b10:65fa:b822: id=83 seq=2 hop limit=64 time = 9.763 ms
12 bytes from 2001:db8::1711:6b10:65fa:b822: id=83 seq=3 hop limit=64 time = 9.765 ms
12 bytes from 2001:db8::1711:6b10:65fa:b822: id=83 seq=4 hop limit=64 time = 10.084 ms
12 bytes from 2001:db8::1711:6b10:65fa:b822: id=83 seq=5 hop limit=64 time = 8.484 ms
12 bytes from 2001:db8::1711:6b10:65fa:b822: id=83 seq=6 hop limit=64 time = 10.084 ms
12 bytes from 2001:db8::1711:6b10:65fa:b822: id=83 seq=7 hop limit=64 time = 10.403 ms
12 bytes from 2001:db8::1711:6b10:65fa:b822: id=83 seq=8 hop limit=64 time = 8.804 ms
12 bytes from 2001:db8::1711:6b10:65fa:b822: id=83 seq=9 hop limit=64 time = 9.123 ms
12 bytes from 2001:db8::1711:6b10:65fa:b822: id=83 seq=10 hop limit=64 time = 8.804 ms
12 bytes from 2001:db8::1711:6b10:65fa:b822: id=83 seq=11 hop limit=64 time = 10.403 ms
12 bytes from 2001:db8::1711:6b10:65fa:b822: id=83 seq=12 hop limit=64 time = 11.363 ms
12 bytes from 2001:db8::1711:6b10:65fa:b822: id=83 seq=13 hop limit=64 time = 10.404 ms
12 bytes from 2001:db8::1711:6b10:65fa:b822: id=83 seq=14 hop limit=64 time = 9.123 ms
12 bytes from 2001:db8::1711:6b10:65fa:b822: id=83 seq=15 hop limit=64 time = 8.804 ms
12 bytes from 2001:db8::1711:6b10:65fa:b822: id=83 seq=16 hop limit=64 time = 10.723 ms
12 bytes from 2001:db8::1711:6b10:65fa:b822: id=83 seq=17 hop limit=64 time = 9.444 ms
12 bytes from 2001:db8::1711:6b10:65fa:b822: id=83 seq=18 hop limit=64 time = 9.449 ms
12 bytes from 2001:db8::1711:6b10:65fa:b822: id=83 seq=19 hop limit=64 time = 9.130 ms
12 bytes from 2001:db8::1711:6b10:65fa:b822: id=83 seq=20 hop limit=64 time = 9.123 ms
12 bytes from 2001:db8::1711:6b10:65fa:b822: id=83 seq=21 hop limit=64 time = 8.804 ms
12 bytes from 2001:db8::1711:6b10:65fa:b822: id=83 seq=22 hop limit=64 time = 11.044 ms
12 bytes from 2001:db8::1711:6b10:65fa:b822: id=83 seq=23 hop limit=64 time = 9.763 ms
12 bytes from 2001:db8::1711:6b10:65fa:b822: id=83 seq=24 hop limit=64 time = 10.084 ms
12 bytes from 2001:db8::1711:6b10:65fa:b822: id=83 seq=25 hop limit=64 time = 8.483 ms
12 bytes from 2001:db8::1711:6b10:65fa:b822: id=83 seq=26 hop limit=64 time = 10.084 ms
12 bytes from 2001:db8::1711:6b10:65fa:b822: id=83 seq=27 hop limit=64 time = 8.803 ms
12 bytes from 2001:db8::1711:6b10:65fa:b822: id=83 seq=28 hop limit=64 time = 9.123 ms
12 bytes from 2001:db8::1711:6b10:65fa:b822: id=83 seq=29 hop limit=64 time = 8.484 ms
12 bytes from 2001:db8::1711:6b10:65fa:b822: id=83 seq=30 hop limit=64 time = 8.809 ms
12 bytes from 2001:db8::1711:6b10:65fa:b822: id=83 seq=31 hop limit=64 time = 8.170 ms
12 bytes from 2001:db8::1711:6b10:65fa:b822: id=83 seq=32 hop limit=64 time = 9.763 ms
12 bytes from 2001:db8::1711:6b10:65fa:b822: id=83 seq=33 hop limit=64 time = 9.764 ms
12 bytes from 2001:db8::1711:6b10:65fa:b822: id=83 seq=34 hop limit=64 time = 10.403 ms
12 bytes from 2001:db8::1711:6b10:65fa:b822: id=83 seq=35 hop limit=64 time = 9.124 ms
12 bytes from 2001:db8::1711:6b10:65fa:b822: id=83 seq=36 hop limit=64 time = 11.370 ms
12 bytes from 2001:db8::1711:6b10:65fa:b822: id=83 seq=37 hop limit=64 time = 10.403 ms
12 bytes from 2001:db8::1711:6b10:65fa:b822: id=83 seq=38 hop limit=64 time = 8.810 ms
12 bytes from 2001:db8::1711:6b10:65fa:b822: id=83 seq=39 hop limit=64 time = 7.856 ms
12 bytes from 2001:db8::1711:6b10:65fa:b822: id=83 seq=40 hop limit=64 time = 8.804 ms
12 bytes from 2001:db8::1711:6b10:65fa:b822: id=83 seq=41 hop limit=64 time = 8.163 ms
12 bytes from 2001:db8::1711:6b10:65fa:b822: id=83 seq=42 hop limit=64 time = 9.444 ms
12 bytes from 2001:db8::1711:6b10:65fa:b822: id=83 seq=43 hop limit=64 time = 9.123 ms
12 bytes from 2001:db8::1711:6b10:65fa:b822: id=83 seq=44 hop limit=64 time = 9.124 ms
12 bytes from 2001:db8::1711:6b10:65fa:b822: id=83 seq=45 hop limit=64 time = 8.803 ms
12 bytes from 2001:db8::1711:6b10:65fa:b822: id=83 seq=46 hop limit=64 time = 11.043 ms
12 bytes from 2001:db8::1711:6b10:65fa:b822: id=83 seq=47 hop limit=64 time = 9.764 ms
12 bytes from 2001:db8::1711:6b10:65fa:b822: id=83 seq=48 hop limit=64 time = 9.763 ms
12 bytes from 2001:db8::1711:6b10:65fa:b822: id=83 seq=49 hop limit=64 time = 8.483 ms
12 bytes from 2001:db8::1711:6b10:65fa:b822: id=83 seq=50 hop limit=64 time = 9.763 ms
12 bytes from 2001:db8::1711:6b10:65fa:b822: id=83 seq=51 hop limit=64 time = 10.084 ms
12 bytes from 2001:db8::1711:6b10:65fa:b822: id=83 seq=52 hop limit=64 time = 8.169 ms
12 bytes from 2001:db8::1711:6b10:65fa:b822: id=83 seq=53 hop limit=64 time = 9.130 ms
12 bytes from 2001:db8::1711:6b10:65fa:b822: id=83 seq=54 hop limit=64 time = 8.803 ms
12 bytes from 2001:db8::1711:6b10:65fa:b822: id=83 seq=55 hop limit=64 time = 7.850 ms
12 bytes from 2001:db8::1711:6b10:65fa:b822: id=83 seq=56 hop limit=64 time = 9.763 ms
12 bytes from 2001:db8::1711:6b10:65fa:b822: id=83 seq=57 hop limit=64 time = 10.404 ms
12 bytes from 2001:db8::1711:6b10:65fa:b822: id=83 seq=58 hop limit=64 time = 11.684 ms
12 bytes from 2001:db8::1711:6b10:65fa:b822: id=83 seq=59 hop limit=64 time = 11.042 ms
12 bytes from 2001:db8::1711:6b10:65fa:b822: id=83 seq=60 hop limit=64 time = 10.404 ms
12 bytes from 2001:db8::1711:6b10:65fa:b822: id=83 seq=61 hop limit=64 time = 8.808 ms
12 bytes from 2001:db8::1711:6b10:65fa:b822: id=83 seq=62 hop limit=64 time = 10.723 ms
12 bytes from 2001:db8::1711:6b10:65fa:b822: id=83 seq=63 hop limit=64 time = 9.444 ms
12 bytes from 2001:db8::1711:6b10:65fa:b822: id=83 seq=64 hop limit=64 time = 9.443 ms
12 bytes from 2001:db8::1711:6b10:65fa:b822: id=83 seq=65 hop limit=64 time = 9.444 ms
12 bytes from 2001:db8::1711:6b10:65fa:b822: id=83 seq=66 hop limit=64 time = 9.443 ms
12 bytes from 2001:db8::1711:6b10:65fa:b822: id=83 seq=67 hop limit=64 time = 9.124 ms
12 bytes from 2001:db8::1711:6b10:65fa:b822: id=83 seq=68 hop limit=64 time = 9.443 ms
12 bytes from 2001:db8::1711:6b10:65fa:b822: id=83 seq=69 hop limit=64 time = 9.444 ms
12 bytes from 2001:db8::1711:6b10:65fa:b822: id=83 seq=70 hop limit=64 time = 10.083 ms
12 bytes from 2001:db8::1711:6b10:65fa:b822: id=83 seq=71 hop limit=64 time = 8.804 ms
12 bytes from 2001:db8::1711:6b10:65fa:b822: id=83 seq=72 hop limit=64 time = 10.723 ms
12 bytes from 2001:db8::1711:6b10:65fa:b822: id=83 seq=73 hop limit=64 time = 9.763 ms
12 bytes from 2001:db8::1711:6b10:65fa:b822: id=83 seq=74 hop limit=64 time = 10.404 ms
12 bytes from 2001:db8::1711:6b10:65fa:b822: id=83 seq=75 hop limit=64 time = 11.363 ms
12 bytes from 2001:db8::1711:6b10:65fa:b822: id=83 seq=76 hop limit=64 time = 10.404 ms
12 bytes from 2001:db8::1711:6b10:65fa:b822: id=83 seq=77 hop limit=64 time = 8.489 ms
12 bytes from 2001:db8::1711:6b10:65fa:b822: id=83 seq=78 hop limit=64 time = 7.530 ms
12 bytes from 2001:db8::1711:6b10:65fa:b822: id=83 seq=79 hop limit=64 time = 8.169 ms
12 bytes from 2001:db8::1711:6b10:65fa:b822: id=83 seq=80 hop limit=64 time = 9.450 ms
12 bytes from 2001:db8::1711:6b10:65fa:b822: id=83 seq=81 hop limit=64 time = 9.450 ms
12 bytes from 2001:db8::1711:6b10:65fa:b822: id=83 seq=82 hop limit=64 time = 9.444 ms
12 bytes from 2001:db8::1711:6b10:65fa:b822: id=83 seq=83 hop limit=64 time = 9.444 ms
12 bytes from 2001:db8::1711:6b10:65fa:b822: id=83 seq=84 hop limit=64 time = 9.443 ms
12 bytes from 2001:db8::1711:6b10:65fa:b822: id=83 seq=85 hop limit=64 time = 9.764 ms
12 bytes from 2001:db8::1711:6b10:65fa:b822: id=83 seq=86 hop limit=64 time = 10.083 ms
12 bytes from 2001:db8::1711:6b10:65fa:b822: id=83 seq=87 hop limit=64 time = 9.444 ms
12 bytes from 2001:db8::1711:6b10:65fa:b822: id=83 seq=88 hop limit=64 time = 9.129 ms
12 bytes from 2001:db8::1711:6b10:65fa:b822: id=83 seq=89 hop limit=64 time = 8.803 ms
12 bytes from 2001:db8::1711:6b10:65fa:b822: id=83 seq=90 hop limit=64 time = 8.164 ms
12 bytes from 2001:db8::1711:6b10:65fa:b822: id=83 seq=91 hop limit=64 time = 9.443 ms
12 bytes from 2001:db8::1711:6b10:65fa:b822: id=83 seq=92 hop limit=64 time = 9.769 ms
12 bytes from 2001:db8::1711:6b10:65fa:b822: id=83 seq=93 hop limit=64 time = 10.083 ms
12 bytes from 2001:db8::1711:6b10:65fa:b822: id=83 seq=94 hop limit=64 time = 11.044 ms
12 bytes from 2001:db8::1711:6b10:65fa:b822: id=83 seq=95 hop limit=64 time = 10.083 ms
12 bytes from 2001:db8::1711:6b10:65fa:b822: id=83 seq=96 hop limit=64 time = 10.724 ms
12 bytes from 2001:db8::1711:6b10:65fa:b822: id=83 seq=97 hop limit=64 time = 9.444 ms
12 bytes from 2001:db8::1711:6b10:65fa:b822: id=83 seq=98 hop limit=64 time = 9.763 ms
12 bytes from 2001:db8::1711:6b10:65fa:b822: id=83 seq=99 hop limit=64 time = 10.084 ms
12 bytes from 2001:db8::1711:6b10:65fa:b822: id=83 seq=100 hop limit=64 time = 10.403 ms
--- 2001:db8::1711:6b10:65fa:b822 ping statistics ---
100 packets transmitted, 100 received, 0% packet loss, time 100.06157373 s
rtt min/avg/max = 7.530/9.559/11.684 ms
> ping6 100 2001:db8::1711:6b10:65fa:bf26
12 bytes from 2001:db8::1711:6b10:65fa:bf26: id=84 seq=1 hop limit=64 time = 8.506 ms
12 bytes from 2001:db8::1711:6b10:65fa:bf26: id=84 seq=2 hop limit=64 time = 10.107 ms
12 bytes from 2001:db8::1711:6b10:65fa:bf26: id=84 seq=3 hop limit=64 time = 7.872 ms
12 bytes from 2001:db8::1711:6b10:65fa:bf26: id=84 seq=4 hop limit=64 time = 8.826 ms
12 bytes from 2001:db8::1711:6b10:65fa:bf26: id=84 seq=5 hop limit=64 time = 8.193 ms
12 bytes from 2001:db8::1711:6b10:65fa:bf26: id=84 seq=6 hop limit=64 time = 9.472 ms
12 bytes from 2001:db8::1711:6b10:65fa:bf26: id=84 seq=7 hop limit=64 time = 9.466 ms
12 bytes from 2001:db8::1711:6b10:65fa:bf26: id=84 seq=8 hop limit=64 time = 9.786 ms
12 bytes from 2001:db8::1711:6b10:65fa:bf26: id=84 seq=9 hop limit=64 time = 9.466 ms
12 bytes from 2001:db8::1711:6b10:65fa:bf26: id=84 seq=10 hop limit=64 time = 9.466 ms
12 bytes from 2001:db8::1711:6b10:65fa:bf26: id=84 seq=11 hop limit=64 time = 9.145 ms
12 bytes from 2001:db8::1711:6b10:65fa:bf26: id=84 seq=12 hop limit=64 time = 10.426 ms
12 bytes from 2001:db8::1711:6b10:65fa:bf26: id=84 seq=13 hop limit=64 time = 10.425 ms
12 bytes from 2001:db8::1711:6b10:65fa:bf26: id=84 seq=14 hop limit=64 time = 9.466 ms
12 bytes from 2001:db8::1711:6b10:65fa:bf26: id=84 seq=15 hop limit=64 time = 9.786 ms
12 bytes from 2001:db8::1711:6b10:65fa:bf26: id=84 seq=16 hop limit=64 time = 10.426 ms
12 bytes from 2001:db8::1711:6b10:65fa:bf26: id=84 seq=17 hop limit=64 time = 11.066 ms
12 bytes from 2001:db8::1711:6b10:65fa:bf26: id=84 seq=18 hop limit=64 time = 9.786 ms
12 bytes from 2001:db8::1711:6b10:65fa:bf26: id=84 seq=19 hop limit=64 time = 7.552 ms
12 bytes from 2001:db8::1711:6b10:65fa:bf26: id=84 seq=20 hop limit=64 time = 8.506 ms
12 bytes from 2001:db8::1711:6b10:65fa:bf26: id=84 seq=21 hop limit=64 time = 10.426 ms
12 bytes from 2001:db8::1711:6b10:65fa:bf26: id=84 seq=22 hop limit=64 time = 11.066 ms
12 bytes from 2001:db8::1711:6b10:65fa:bf26: id=84 seq=23 hop limit=64 time = 9.793 ms
12 bytes from 2001:db8::1711:6b10:65fa:bf26: id=84 seq=24 hop limit=64 time = 7.872 ms
12 bytes from 2001:db8::1711:6b10:65fa:bf26: id=84 seq=25 hop limit=64 time = 9.787 ms
12 bytes from 2001:db8::1711:6b10:65fa:bf26: id=84 seq=26 hop limit=64 time = 10.426 ms
12 bytes from 2001:db8::1711:6b10:65fa:bf26: id=84 seq=27 hop limit=64 time = 11.385 ms
12 bytes from 2001:db8::1711:6b10:65fa:bf26: id=84 seq=28 hop limit=64 time = 10.426 ms
12 bytes from 2001:db8::1711:6b10:65fa:bf26: id=84 seq=29 hop limit=64 time = 11.386 ms
12 bytes from 2001:db8::1711:6b10:65fa:bf26: id=84 seq=30 hop limit=64 time = 11.066 ms
12 bytes from 2001:db8::1711:6b10:65fa:bf26: id=84 seq=31 hop limit=64 time = 10.106 ms
12 bytes from 2001:db8::1711:6b10:65fa:bf26: id=84 seq=32 hop limit=64 time = 11.066 ms
12 bytes from 2001:db8::1711:6b10:65fa:bf26: id=84 seq=33 hop limit=64 time = 10.106 ms
12 bytes from 2001:db8::1711:6b10:65fa:bf26: id=84 seq=34 hop limit=64 time = 10.426 ms
12 bytes from 2001:db8::1711:6b10:65fa:bf26: id=84 seq=35 hop limit=64 time = 9.146 ms
12 bytes from 2001:db8::1711:6b10:65fa:bf26: id=84 seq=36 hop limit=64 time = 9.466 ms
12 bytes from 2001:db8::1711:6b10:65fa:bf26: id=84 seq=37 hop limit=64 time = 9.146 ms
12 bytes from 2001:db8::1711:6b10:65fa:bf26: id=84 seq=38 hop limit=64 time = 8.826 ms
12 bytes from 2001:db8::1711:6b10:65fa:bf26: id=84 seq=39 hop limit=64 time = 8.185 ms
12 bytes from 2001:db8::1711:6b10:65fa:bf26: id=84 seq=40 hop limit=64 time = 9.466 ms
12 bytes from 2001:db8::1711:6b10:65fa:bf26: id=84 seq=41 hop limit=64 time = 9.465 ms
12 bytes from 2001:db8::1711:6b10:65fa:bf26: id=84 seq=42 hop limit=64 time = 9.786 ms
12 bytes from 2001:db8::1711:6b10:65fa:bf26: id=84 seq=43 hop limit=64 time = 10.106 ms
12 bytes from 2001:db8::1711:6b10:65fa:bf26: id=84 seq=44 hop limit=64 time = 10.746 ms
12 bytes from 2001:db8::1711:6b10:65fa:bf26: id=84 seq=45 hop limit=64 time = 9.152 ms
12 bytes from 2001:db8::1711:6b10:65fa:bf26: id=84 seq=46 hop limit=64 time = 8.832 ms
12 bytes from 2001:db8::1711:6b10:65fa:bf26: id=84 seq=47 hop limit=64 time = 8.506 ms
12 bytes from 2001:db8::1711:6b10:65fa:bf26: id=84 seq=48 hop limit=64 time = 10.107 ms
12 bytes from 2001:db8::1711:6b10:65fa:bf26: id=84 seq=49 hop limit=64 time = 10.426 ms
12 bytes from 2001:db8::1711:6b10:65fa:bf26: id=84 seq=50 hop limit=64 time = 8.511 ms
12 bytes from 2001:db8::1711:6b10:65fa:bf26: id=84 seq=51 hop limit=64 time = 7.552 ms
12 bytes from 2001:db8::1711:6b10:65fa:bf26: id=84 seq=52 hop limit=64 time = 8.506 ms
12 bytes from 2001:db8::1711:6b10:65fa:bf26: id=84 seq=53 hop limit=64 time = 10.106 ms
12 bytes from 2001:db8::1711:6b10:65fa:bf26: id=84 seq=54 hop limit=64 time = 10.746 ms
12 bytes from 2001:db8::1711:6b10:65fa:bf26: id=84 seq=55 hop limit=64 time = 9.145 ms
12 bytes from 2001:db8::1711:6b10:65fa:bf26: id=84 seq=56 hop limit=64 time = 8.506 ms
12 bytes from 2001:db8::1711:6b10:65fa:bf26: id=84 seq=57 hop limit=64 time = 10.745 ms
12 bytes from 2001:db8::1711:6b10:65fa:bf26: id=84 seq=58 hop limit=64 time = 9.786 ms
12 bytes from 2001:db8::1711:6b10:65fa:bf26: id=84 seq=59 hop limit=64 time = 10.106 ms
12 bytes from 2001:db8::1711:6b10:65fa:bf26: id=84 seq=60 hop limit=64 time = 10.746 ms
12 bytes from 2001:db8::1711:6b10:65fa:bf26: id=84 seq=61 hop limit=64 time = 9.152 ms
12 bytes from 2001:db8::1711:6b10:65fa:bf26: id=84 seq=62 hop limit=64 time = 8.832 ms
12 bytes from 2001:db8::1711:6b10:65fa:bf26: id=84 seq=63 hop limit=64 time = 8.506 ms
12 bytes from 2001:db8::1711:6b10:65fa:bf26: id=84 seq=64 hop limit=64 time = 10.105 ms
12 bytes from 2001:db8::1711:6b10:65fa:bf26: id=84 seq=65 hop limit=64 time = 11.066 ms
12 bytes from 2001:db8::1711:6b10:65fa:bf26: id=84 seq=66 hop limit=64 time = 10.106 ms
12 bytes from 2001:db8::1711:6b10:65fa:bf26: id=84 seq=67 hop limit=64 time = 10.753 ms
12 bytes from 2001:db8::1711:6b10:65fa:bf26: id=84 seq=68 hop limit=64 time = 9.153 ms
12 bytes from 2001:db8::1711:6b10:65fa:bf26: id=84 seq=69 hop limit=64 time = 8.839 ms
12 bytes from 2001:db8::1711:6b10:65fa:bf26: id=84 seq=70 hop limit=64 time = 8.826 ms
12 bytes from 2001:db8::1711:6b10:65fa:bf26: id=84 seq=71 hop limit=64 time = 9.147 ms
12 bytes from 2001:db8::1711:6b10:65fa:bf26: id=84 seq=72 hop limit=64 time = 9.466 ms
12 bytes from 2001:db8::1711:6b10:65fa:bf26: id=84 seq=73 hop limit=64 time = 7.866 ms
12 bytes from 2001:db8::1711:6b10:65fa:bf26: id=84 seq=74 hop limit=64 time = 9.154 ms
12 bytes from 2001:db8::1711:6b10:65fa:bf26: id=84 seq=75 hop limit=64 time = 11.066 ms
12 bytes from 2001:db8::1711:6b10:65fa:bf26: id=84 seq=76 hop limit=64 time = 10.106 ms
12 bytes from 2001:db8::1711:6b10:65fa:bf26: id=84 seq=77 hop limit=64 time = 8.506 ms
12 bytes from 2001:db8::1711:6b10:65fa:bf26: id=84 seq=78 hop limit=64 time = 9.785 ms
12 bytes from 2001:db8::1711:6b10:65fa:bf26: id=84 seq=79 hop limit=64 time = 9.786 ms
12 bytes from 2001:db8::1711:6b10:65fa:bf26: id=84 seq=80 hop limit=64 time = 7.551 ms
12 bytes from 2001:db8::1711:6b10:65fa:bf26: id=84 seq=81 hop limit=64 time = 8.506 ms
12 bytes from 2001:db8::1711:6b10:65fa:bf26: id=84 seq=82 hop limit=64 time = 11.706 ms
12 bytes from 2001:db8::1711:6b10:65fa:bf26: id=84 seq=83 hop limit=64 time = 11.706 ms
12 bytes from 2001:db8::1711:6b10:65fa:bf26: id=84 seq=84 hop limit=64 time = 11.386 ms
12 bytes from 2001:db8::1711:6b10:65fa:bf26: id=84 seq=85 hop limit=64 time = 10.745 ms
12 bytes from 2001:db8::1711:6b10:65fa:bf26: id=84 seq=86 hop limit=64 time = 9.786 ms
12 bytes from 2001:db8::1711:6b10:65fa:bf26: id=84 seq=87 hop limit=64 time = 11.066 ms
12 bytes from 2001:db8::1711:6b10:65fa:bf26: id=84 seq=88 hop limit=64 time = 10.106 ms
12 bytes from 2001:db8::1711:6b10:65fa:bf26: id=84 seq=89 hop limit=64 time = 10.746 ms
12 bytes from 2001:db8::1711:6b10:65fa:bf26: id=84 seq=90 hop limit=64 time = 9.466 ms
12 bytes from 2001:db8::1711:6b10:65fa:bf26: id=84 seq=91 hop limit=64 time = 9.152 ms
12 bytes from 2001:db8::1711:6b10:65fa:bf26: id=84 seq=92 hop limit=64 time = 8.511 ms
12 bytes from 2001:db8::1711:6b10:65fa:bf26: id=84 seq=93 hop limit=64 time = 7.866 ms
12 bytes from 2001:db8::1711:6b10:65fa:bf26: id=84 seq=94 hop limit=64 time = 8.506 ms
12 bytes from 2001:db8::1711:6b10:65fa:bf26: id=84 seq=95 hop limit=64 time = 10.106 ms
12 bytes from 2001:db8::1711:6b10:65fa:bf26: id=84 seq=96 hop limit=64 time = 8.832 ms
12 bytes from 2001:db8::1711:6b10:65fa:bf26: id=84 seq=97 hop limit=64 time = 8.186 ms
12 bytes from 2001:db8::1711:6b10:65fa:bf26: id=84 seq=98 hop limit=64 time = 9.786 ms
12 bytes from 2001:db8::1711:6b10:65fa:bf26: id=84 seq=99 hop limit=64 time = 10.426 ms
12 bytes from 2001:db8::1711:6b10:65fa:bf26: id=84 seq=100 hop limit=64 time = 11.386 ms
--- 2001:db8::1711:6b10:65fa:bf26 ping statistics ---
100 packets transmitted, 100 received, 0% packet loss, time 100.06166243 s
rtt min/avg/max = 7.551/9.646/11.706 ms
> ping6 100 2001:db8::1711:6b10:65fc:bd06
12 bytes from 2001:db8::1711:6b10:65fc:bd06: id=85 seq=1 hop limit=63 time = 18.818 ms
12 bytes from 2001:db8::1711:6b10:65fc:bd06: id=85 seq=2 hop limit=63 time = 16.585 ms
12 bytes from 2001:db8::1711:6b10:65fc:bd06: id=85 seq=3 hop limit=63 time = 16.584 ms
12 bytes from 2001:db8::1711:6b10:65fc:bd06: id=85 seq=4 hop limit=63 time = 16.899 ms
12 bytes from 2001:db8::1711:6b10:65fc:bd06: id=85 seq=5 hop limit=63 time = 18.493 ms
12 bytes from 2001:db8::1711:6b10:65fc:bd06: id=85 seq=6 hop limit=63 time = 17.853 ms
12 bytes from 2001:db8::1711:6b10:65fc:bd06: id=85 seq=7 hop limit=63 time = 19.458 ms
12 bytes from 2001:db8::1711:6b10:65fc:bd06: id=85 seq=8 hop limit=63 time = 15.951 ms
12 bytes from 2001:db8::1711:6b10:65fc:bd06: id=85 seq=9 hop limit=63 time = 17.854 ms
12 bytes from 2001:db8::1711:6b10:65fc:bd06: id=85 seq=10 hop limit=63 time = 21.053 ms
12 bytes from 2001:db8::1711:6b10:65fc:bd06: id=85 seq=11 hop limit=63 time = 18.812 ms
12 bytes from 2001:db8::1711:6b10:65fc:bd06: id=85 seq=12 hop limit=63 time = 16.899 ms
12 bytes from 2001:db8::1711:6b10:65fc:bd06: id=85 seq=13 hop limit=63 time = 16.579 ms
12 bytes from 2001:db8::1711:6b10:65fc:bd06: id=85 seq=14 hop limit=63 time = 15.945 ms
12 bytes from 2001:db8::1711:6b10:65fc:bd06: id=85 seq=15 hop limit=63 time = 16.892 ms
12 bytes from 2001:db8::1711:6b10:65fc:bd06: id=85 seq=16 hop limit=63 time = 21.053 ms
12 bytes from 2001:db8::1711:6b10:65fc:bd06: id=85 seq=17 hop limit=63 time = 19.773 ms
12 bytes from 2001:db8::1711:6b10:65fc:bd06: id=85 seq=18 hop limit=63 time = 19.133 ms
12 bytes from 2001:db8::1711:6b10:65fc:bd06: id=85 seq=19 hop limit=63 time = 19.453 ms
12 bytes from 2001:db8::1711:6b10:65fc:bd06: id=85 seq=20 hop limit=63 time = 18.179 ms
12 bytes from 2001:db8::1711:6b10:65fc:bd06: id=85 seq=21 hop limit=63 time = 25.169 ms
12 bytes from 2001:db8::1711:6b10:65fc:bd06: id=85 seq=22 hop limit=63 time = 23.256 ms
12 bytes from 2001:db8::1711:6b10:65fc:bd06: id=85 seq=23 hop limit=63 time = 17.853 ms
12 bytes from 2001:db8::1711:6b10:65fc:bd06: id=85 seq=24 hop limit=63 time = 22.333 ms
12 bytes from 2001:db8::1711:6b10:65fc:bd06: id=85 seq=25 hop limit=63 time = 21.053 ms
12 bytes from 2001:db8::1711:6b10:65fc:bd06: id=85 seq=26 hop limit=63 time = 17.545 ms
12 bytes from 2001:db8::1711:6b10:65fc:bd06: id=85 seq=27 hop limit=63 time = 19.452 ms
12 bytes from 2001:db8::1711:6b10:65fc:bd06: id=85 seq=28 hop limit=63 time = 17.539 ms
12 bytes from 2001:db8::1711:6b10:65fc:bd06: id=85 seq=29 hop limit=63 time = 18.499 ms
12 bytes from 2001:db8::1711:6b10:65fc:bd06: id=85 seq=30 hop limit=63 time = 19.132 ms
12 bytes from 2001:db8::1711:6b10:65fc:bd06: id=85 seq=31 hop limit=63 time = 20.412 ms
12 bytes from 2001:db8::1711:6b10:65fc:bd06: id=85 seq=32 hop limit=63 time = 19.459 ms
12 bytes from 2001:db8::1711:6b10:65fc:bd06: id=85 seq=33 hop limit=63 time = 21.976 ms
12 bytes from 2001:db8::1711:6b10:65fc:bd06: id=85 seq=34 hop limit=63 time = 18.499 ms
12 bytes from 2001:db8::1711:6b10:65fc:bd06: id=85 seq=35 hop limit=63 time = 17.219 ms
12 bytes from 2001:db8::1711:6b10:65fc:bd06: id=85 seq=36 hop limit=63 time = 19.773 ms
12 bytes from 2001:db8::1711:6b10:65fc:bd06: id=85 seq=37 hop limit=63 time = 18.493 ms
12 bytes from 2001:db8::1711:6b10:65fc:bd06: id=85 seq=38 hop limit=63 time = 25.810 ms
12 bytes from 2001:db8::1711:6b10:65fc:bd06: id=85 seq=39 hop limit=63 time = 19.139 ms
12 bytes from 2001:db8::1711:6b10:65fc:bd06: id=85 seq=40 hop limit=63 time = 19.452 ms
12 bytes from 2001:db8::1711:6b10:65fc:bd06: id=85 seq=41 hop limit=63 time = 21.372 ms
12 bytes from 2001:db8::1711:6b10:65fc:bd06: id=85 seq=42 hop limit=63 time = 21.693 ms
12 bytes from 2001:db8::1711:6b10:65fc:bd06: id=85 seq=43 hop limit=63 time = 19.459 ms
12 bytes from 2001:db8::1711:6b10:65fc:bd06: id=85 seq=44 hop limit=63 time = 17.539 ms
12 bytes from 2001:db8::1711:6b10:65fc:bd06: id=85 seq=45 hop limit=63 time = 17.852 ms
12 bytes from 2001:db8::1711:6b10:65fc:bd06: id=85 seq=46 hop limit=63 time = 19.133 ms
12 bytes from 2001:db8::1711:6b10:65fc:bd06: id=85 seq=47 hop limit=63 time = 19.132 ms
12 bytes from 2001:db8::1711:6b10:65fc:bd06: id=85 seq=48 hop limit=63 time = 20.094 ms
12 bytes from 2001:db8::1711:6b10:65fc:bd06: id=85 seq=49 hop limit=63 time = 18.173 ms
12 bytes from 2001:db8::1711:6b10:65fc:bd06: id=85 seq=50 hop limit=63 time = 18.818 ms
12 bytes from 2001:db8::1711:6b10:65fc:bd06: id=85 seq=51 hop limit=63 time = 17.213 ms
12 bytes from 2001:db8::1711:6b10:65fc:bd06: id=85 seq=52 hop limit=63 time = 20.093 ms
12 bytes from 2001:db8::1711:6b10:65fc:bd06: id=85 seq=53 hop limit=63 time = 21.693 ms
12 bytes from 2001:db8::1711:6b10:65fc:bd06: id=85 seq=54 hop limit=63 time = 21.693 ms
12 bytes from 2001:db8::1711:6b10:65fc:bd06: id=85 seq=55 hop limit=63 time = 19.132 ms
12 bytes from 2001:db8::1711:6b10:65fc:bd06: id=85 seq=56 hop limit=63 time = 20.093 ms
12 bytes from 2001:db8::1711:6b10:65fc:bd06: id=85 seq=57 hop limit=63 time = 16.579 ms
12 bytes from 2001:db8::1711:6b10:65fc:bd06: id=85 seq=58 hop limit=63 time = 16.579 ms
12 bytes from 2001:db8::1711:6b10:65fc:bd06: id=85 seq=59 hop limit=63 time = 18.173 ms
12 bytes from 2001:db8::1711:6b10:65fc:bd06: id=85 seq=60 hop limit=63 time = 16.578 ms
12 bytes from 2001:db8::1711:6b10:65fc:bd06: id=85 seq=61 hop limit=63 time = 22.014 ms
12 bytes from 2001:db8::1711:6b10:65fc:bd06: id=85 seq=62 hop limit=63 time = 22.013 ms
12 bytes from 2001:db8::1711:6b10:65fc:bd06: id=85 seq=63 hop limit=63 time = 19.133 ms
12 bytes from 2001:db8::1711:6b10:65fc:bd06: id=85 seq=64 hop limit=63 time = 19.458 ms
12 bytes from 2001:db8::1711:6b10:65fc:bd06: id=85 seq=65 hop limit=63 time = 19.138 ms
12 bytes from 2001:db8::1711:6b10:65fc:bd06: id=85 seq=66 hop limit=63 time = 19.778 ms
12 bytes from 2001:db8::1711:6b10:65fc:bd06: id=85 seq=67 hop limit=63 time = 19.141 ms
12 bytes from 2001:db8::1711:6b10:65fc:bd06: id=85 seq=68 hop limit=63 time = 16.899 ms
12 bytes from 2001:db8::1711:6b10:65fc:bd06: id=85 seq=69 hop limit=63 time = 19.772 ms
12 bytes from 2001:db8::1711:6b10:65fc:bd06: id=85 seq=70 hop limit=63 time = 19.132 ms
12 bytes from 2001:db8::1711:6b10:65fc:bd06: id=85 seq=71 hop limit=63 time = 21.618 ms
12 bytes from 2001:db8::1711:6b10:65fc:bd06: id=85 seq=72 hop limit=63 time = 20.093 ms
12 bytes from 2001:db8::1711:6b10:65fc:bd06: id=85 seq=73 hop limit=63 time = 18.173 ms
12 bytes from 2001:db8::1711:6b10:65fc:bd06: id=85 seq=74 hop limit=63 time = 21.373 ms
12 bytes from 2001:db8::1711:6b10:65fc:bd06: id=85 seq=75 hop limit=63 time = 16.898 ms
12 bytes from 2001:db8::1711:6b10:65fc:bd06: id=85 seq=76 hop limit=63 time = 18.812 ms
12 bytes from 2001:db8::1711:6b10:65fc:bd06: id=85 seq=77 hop limit=63 time = 22.653 ms
12 bytes from 2001:db8::1711:6b10:65fc:bd06: id=85 seq=78 hop limit=63 time = 21.693 ms
12 bytes from 2001:db8::1711:6b10:65fc:bd06: id=85 seq=79 hop limit=63 time = 18.813 ms
12 bytes from 2001:db8::1711:6b10:65fc:bd06: id=85 seq=80 hop limit=63 time = 22.012 ms
12 bytes from 2001:db8::1711:6b10:65fc:bd06: id=85 seq=81 hop limit=63 time = 20.733 ms
ping timeout
12 bytes from 2001:db8::1711:6b10:65fc:bd06: id=85 seq=83 hop limit=63 time = 19.773 ms
12 bytes from 2001:db8::1711:6b10:65fc:bd06: id=85 seq=84 hop limit=63 time = 19.772 ms
12 bytes from 2001:db8::1711:6b10:65fc:bd06: id=85 seq=85 hop limit=63 time = 17.532 ms
12 bytes from 2001:db8::1711:6b10:65fc:bd06: id=85 seq=86 hop limit=63 time = 20.734 ms
12 bytes from 2001:db8::1711:6b10:65fc:bd06: id=85 seq=87 hop limit=63 time = 18.499 ms
12 bytes from 2001:db8::1711:6b10:65fc:bd06: id=85 seq=88 hop limit=63 time = 17.539 ms
12 bytes from 2001:db8::1711:6b10:65fc:bd06: id=85 seq=89 hop limit=63 time = 15.938 ms
12 bytes from 2001:db8::1711:6b10:65fc:bd06: id=85 seq=90 hop limit=63 time = 19.459 ms
12 bytes from 2001:db8::1711:6b10:65fc:bd06: id=85 seq=91 hop limit=63 time = 18.820 ms
12 bytes from 2001:db8::1711:6b10:65fc:bd06: id=85 seq=92 hop limit=63 time = 14.671 ms
12 bytes from 2001:db8::1711:6b10:65fc:bd06: id=85 seq=93 hop limit=63 time = 16.903 ms
12 bytes from 2001:db8::1711:6b10:65fc:bd06: id=85 seq=94 hop limit=63 time = 19.133 ms
12 bytes from 2001:db8::1711:6b10:65fc:bd06: id=85 seq=95 hop limit=63 time = 17.213 ms
12 bytes from 2001:db8::1711:6b10:65fc:bd06: id=85 seq=96 hop limit=63 time = 20.092 ms
12 bytes from 2001:db8::1711:6b10:65fc:bd06: id=85 seq=97 hop limit=63 time = 16.899 ms
12 bytes from 2001:db8::1711:6b10:65fc:bd06: id=85 seq=98 hop limit=63 time = 19.459 ms
12 bytes from 2001:db8::1711:6b10:65fc:bd06: id=85 seq=99 hop limit=63 time = 19.133 ms
12 bytes from 2001:db8::1711:6b10:65fc:bd06: id=85 seq=100 hop limit=63 time = 21.053 ms
--- 2001:db8::1711:6b10:65fc:bd06 ping statistics ---
100 packets transmitted, 99 received, 1% packet loss, time 102.0699118 s
rtt min/avg/max = 14.671/18.973/25.810 ms
> 
> ping6 100 2001:db8::1711:6b10:65fb:b816
12 bytes from 2001:db8::1711:6b10:65fb:b816: id=86 seq=1 hop limit=63 time = 22.675 ms
12 bytes from 2001:db8::1711:6b10:65fb:b816: id=86 seq=2 hop limit=63 time = 21.723 ms
12 bytes from 2001:db8::1711:6b10:65fb:b816: id=86 seq=3 hop limit=63 time = 21.716 ms
12 bytes from 2001:db8::1711:6b10:65fb:b816: id=86 seq=4 hop limit=63 time = 18.516 ms
12 bytes from 2001:db8::1711:6b10:65fb:b816: id=86 seq=5 hop limit=63 time = 16.922 ms
12 bytes from 2001:db8::1711:6b10:65fb:b816: id=86 seq=6 hop limit=63 time = 16.928 ms
12 bytes from 2001:db8::1711:6b10:65fb:b816: id=86 seq=7 hop limit=63 time = 14.695 ms
12 bytes from 2001:db8::1711:6b10:65fb:b816: id=86 seq=8 hop limit=63 time = 16.277 ms
12 bytes from 2001:db8::1711:6b10:65fb:b816: id=86 seq=9 hop limit=63 time = 18.196 ms
12 bytes from 2001:db8::1711:6b10:65fb:b816: id=86 seq=10 hop limit=63 time = 18.197 ms
12 bytes from 2001:db8::1711:6b10:65fb:b816: id=86 seq=11 hop limit=63 time = 16.289 ms
12 bytes from 2001:db8::1711:6b10:65fb:b816: id=86 seq=12 hop limit=63 time = 18.516 ms
12 bytes from 2001:db8::1711:6b10:65fb:b816: id=86 seq=13 hop limit=63 time = 20.756 ms
12 bytes from 2001:db8::1711:6b10:65fb:b816: id=86 seq=14 hop limit=63 time = 18.196 ms
12 bytes from 2001:db8::1711:6b10:65fb:b816: id=86 seq=15 hop limit=63 time = 17.242 ms
12 bytes from 2001:db8::1711:6b10:65fb:b816: id=86 seq=16 hop limit=63 time = 19.156 ms
12 bytes from 2001:db8::1711:6b10:65fb:b816: id=86 seq=17 hop limit=63 time = 16.282 ms
12 bytes from 2001:db8::1711:6b10:65fb:b816: id=86 seq=18 hop limit=63 time = 19.162 ms
12 bytes from 2001:db8::1711:6b10:65fb:b816: id=86 seq=19 hop limit=63 time = 16.598 ms
12 bytes from 2001:db8::1711:6b10:65fb:b816: id=86 seq=20 hop limit=63 time = 19.476 ms
12 bytes from 2001:db8::1711:6b10:65fb:b816: id=86 seq=21 hop limit=63 time = 20.756 ms
12 bytes from 2001:db8::1711:6b10:65fb:b816: id=86 seq=22 hop limit=63 time = 21.716 ms
12 bytes from 2001:db8::1711:6b10:65fb:b816: id=86 seq=23 hop limit=63 time = 22.682 ms
12 bytes from 2001:db8::1711:6b10:65fb:b816: id=86 seq=24 hop limit=63 time = 20.437 ms
12 bytes from 2001:db8::1711:6b10:65fb:b816: id=86 seq=25 hop limit=63 time = 17.889 ms
12 bytes from 2001:db8::1711:6b10:65fb:b816: id=86 seq=26 hop limit=63 time = 17.242 ms
12 bytes from 2001:db8::1711:6b10:65fb:b816: id=86 seq=27 hop limit=63 time = 15.654 ms
12 bytes from 2001:db8::1711:6b10:65fb:b816: id=86 seq=28 hop limit=63 time = 18.196 ms
12 bytes from 2001:db8::1711:6b10:65fb:b816: id=86 seq=29 hop limit=63 time = 18.517 ms
12 bytes from 2001:db8::1711:6b10:65fb:b816: id=86 seq=30 hop limit=63 time = 17.243 ms
12 bytes from 2001:db8::1711:6b10:65fb:b816: id=86 seq=31 hop limit=63 time = 17.569 ms
12 bytes from 2001:db8::1711:6b10:65fb:b816: id=86 seq=32 hop limit=63 time = 19.802 ms
12 bytes from 2001:db8::1711:6b10:65fb:b816: id=86 seq=33 hop limit=63 time = 19.798 ms
12 bytes from 2001:db8::1711:6b10:65fb:b816: id=86 seq=34 hop limit=63 time = 17.563 ms
12 bytes from 2001:db8::1711:6b10:65fb:b816: id=86 seq=35 hop limit=63 time = 18.837 ms
12 bytes from 2001:db8::1711:6b10:65fb:b816: id=86 seq=36 hop limit=63 time = 20.437 ms
12 bytes from 2001:db8::1711:6b10:65fb:b816: id=86 seq=37 hop limit=63 time = 18.204 ms
12 bytes from 2001:db8::1711:6b10:65fb:b816: id=86 seq=38 hop limit=63 time = 19.478 ms
12 bytes from 2001:db8::1711:6b10:65fb:b816: id=86 seq=39 hop limit=63 time = 18.837 ms
12 bytes from 2001:db8::1711:6b10:65fb:b816: id=86 seq=40 hop limit=63 time = 19.477 ms
12 bytes from 2001:db8::1711:6b10:65fb:b816: id=86 seq=41 hop limit=63 time = 18.518 ms
12 bytes from 2001:db8::1711:6b10:65fb:b816: id=86 seq=42 hop limit=63 time = 19.797 ms
12 bytes from 2001:db8::1711:6b10:65fb:b816: id=86 seq=43 hop limit=63 time = 22.037 ms
12 bytes from 2001:db8::1711:6b10:65fb:b816: id=86 seq=44 hop limit=63 time = 19.156 ms
12 bytes from 2001:db8::1711:6b10:65fb:b816: id=86 seq=45 hop limit=63 time = 19.796 ms
12 bytes from 2001:db8::1711:6b10:65fb:b816: id=86 seq=46 hop limit=63 time = 18.842 ms
12 bytes from 2001:db8::1711:6b10:65fb:b816: id=86 seq=47 hop limit=63 time = 17.565 ms
12 bytes from 2001:db8::1711:6b10:65fb:b816: id=86 seq=48 hop limit=63 time = 18.836 ms
12 bytes from 2001:db8::1711:6b10:65fb:b816: id=86 seq=49 hop limit=63 time = 19.476 ms
12 bytes from 2001:db8::1711:6b10:65fb:b816: id=86 seq=50 hop limit=63 time = 20.756 ms
12 bytes from 2001:db8::1711:6b10:65fb:b816: id=86 seq=51 hop limit=63 time = 20.436 ms
12 bytes from 2001:db8::1711:6b10:65fb:b816: id=86 seq=52 hop limit=63 time = 17.249 ms
12 bytes from 2001:db8::1711:6b10:65fb:b816: id=86 seq=53 hop limit=63 time = 15.648 ms
12 bytes from 2001:db8::1711:6b10:65fb:b816: id=86 seq=54 hop limit=63 time = 18.523 ms
12 bytes from 2001:db8::1711:6b10:65fb:b816: id=86 seq=55 hop limit=63 time = 21.076 ms
12 bytes from 2001:db8::1711:6b10:65fb:b816: id=86 seq=56 hop limit=63 time = 19.162 ms
12 bytes from 2001:db8::1711:6b10:65fb:b816: id=86 seq=57 hop limit=63 time = 18.836 ms
12 bytes from 2001:db8::1711:6b10:65fb:b816: id=86 seq=58 hop limit=63 time = 17.562 ms
12 bytes from 2001:db8::1711:6b10:65fb:b816: id=86 seq=59 hop limit=63 time = 21.397 ms
12 bytes from 2001:db8::1711:6b10:65fb:b816: id=86 seq=60 hop limit=63 time = 21.076 ms
12 bytes from 2001:db8::1711:6b10:65fb:b816: id=86 seq=61 hop limit=63 time = 20.436 ms
12 bytes from 2001:db8::1711:6b10:65fb:b816: id=86 seq=62 hop limit=63 time = 20.436 ms
12 bytes from 2001:db8::1711:6b10:65fb:b816: id=86 seq=63 hop limit=63 time = 18.837 ms
12 bytes from 2001:db8::1711:6b10:65fb:b816: id=86 seq=64 hop limit=63 time = 21.076 ms
12 bytes from 2001:db8::1711:6b10:65fb:b816: id=86 seq=65 hop limit=63 time = 19.482 ms
12 bytes from 2001:db8::1711:6b10:65fb:b816: id=86 seq=66 hop limit=63 time = 18.851 ms
12 bytes from 2001:db8::1711:6b10:65fb:b816: id=86 seq=67 hop limit=63 time = 19.797 ms
12 bytes from 2001:db8::1711:6b10:65fb:b816: id=86 seq=68 hop limit=63 time = 21.076 ms
12 bytes from 2001:db8::1711:6b10:65fb:b816: id=86 seq=69 hop limit=63 time = 18.837 ms
12 bytes from 2001:db8::1711:6b10:65fb:b816: id=86 seq=70 hop limit=63 time = 18.837 ms
12 bytes from 2001:db8::1711:6b10:65fb:b816: id=86 seq=71 hop limit=63 time = 21.717 ms
12 bytes from 2001:db8::1711:6b10:65fb:b816: id=86 seq=72 hop limit=63 time = 21.077 ms
12 bytes from 2001:db8::1711:6b10:65fb:b816: id=86 seq=73 hop limit=63 time = 19.797 ms
12 bytes from 2001:db8::1711:6b10:65fb:b816: id=86 seq=74 hop limit=63 time = 17.557 ms
12 bytes from 2001:db8::1711:6b10:65fb:b816: id=86 seq=75 hop limit=63 time = 23.450 ms
12 bytes from 2001:db8::1711:6b10:65fb:b816: id=86 seq=76 hop limit=63 time = 19.156 ms
12 bytes from 2001:db8::1711:6b10:65fb:b816: id=86 seq=77 hop limit=63 time = 19.477 ms
12 bytes from 2001:db8::1711:6b10:65fb:b816: id=86 seq=78 hop limit=63 time = 21.718 ms
12 bytes from 2001:db8::1711:6b10:65fb:b816: id=86 seq=79 hop limit=63 time = 19.483 ms
12 bytes from 2001:db8::1711:6b10:65fb:b816: id=86 seq=80 hop limit=63 time = 16.929 ms
12 bytes from 2001:db8::1711:6b10:65fb:b816: id=86 seq=81 hop limit=63 time = 15.654 ms
12 bytes from 2001:db8::1711:6b10:65fb:b816: id=86 seq=82 hop limit=63 time = 18.530 ms
12 bytes from 2001:db8::1711:6b10:65fb:b816: id=86 seq=83 hop limit=63 time = 16.929 ms
12 bytes from 2001:db8::1711:6b10:65fb:b816: id=86 seq=84 hop limit=63 time = 17.882 ms
12 bytes from 2001:db8::1711:6b10:65fb:b816: id=86 seq=85 hop limit=63 time = 15.962 ms
12 bytes from 2001:db8::1711:6b10:65fb:b816: id=86 seq=86 hop limit=63 time = 19.797 ms
12 bytes from 2001:db8::1711:6b10:65fb:b816: id=86 seq=87 hop limit=63 time = 21.396 ms
12 bytes from 2001:db8::1711:6b10:65fb:b816: id=86 seq=88 hop limit=63 time = 20.763 ms
12 bytes from 2001:db8::1711:6b10:65fb:b816: id=86 seq=89 hop limit=63 time = 18.516 ms
12 bytes from 2001:db8::1711:6b10:65fb:b816: id=86 seq=90 hop limit=63 time = 17.882 ms
12 bytes from 2001:db8::1711:6b10:65fb:b816: id=86 seq=91 hop limit=63 time = 16.923 ms
12 bytes from 2001:db8::1711:6b10:65fb:b816: id=86 seq=92 hop limit=63 time = 17.882 ms
12 bytes from 2001:db8::1711:6b10:65fb:b816: id=86 seq=93 hop limit=63 time = 20.116 ms
12 bytes from 2001:db8::1711:6b10:65fb:b816: id=86 seq=94 hop limit=63 time = 18.516 ms
12 bytes from 2001:db8::1711:6b10:65fb:b816: id=86 seq=95 hop limit=63 time = 16.608 ms
12 bytes from 2001:db8::1711:6b10:65fb:b816: id=86 seq=96 hop limit=63 time = 16.929 ms
12 bytes from 2001:db8::1711:6b10:65fb:b816: id=86 seq=97 hop limit=63 time = 18.836 ms
12 bytes from 2001:db8::1711:6b10:65fb:b816: id=86 seq=98 hop limit=63 time = 25.513 ms
12 bytes from 2001:db8::1711:6b10:65fb:b816: id=86 seq=99 hop limit=63 time = 19.796 ms
12 bytes from 2001:db8::1711:6b10:65fb:b816: id=86 seq=100 hop limit=63 time = 16.609 ms
--- 2001:db8::1711:6b10:65fb:b816 ping statistics ---
100 packets transmitted, 100 received, 0% packet loss, time 101.06105493 s
rtt min/avg/max = 14.695/19.026/25.513 ms
> 
> ping6 100 2001:db8::1711:6b10:65fa:be52
12 bytes from 2001:db8::1711:6b10:65fa:be52: id=87 seq=1 hop limit=62 time = 26.601 ms
ping timeout
12 bytes from 2001:db8::1711:6b10:65fa:be52: id=87 seq=3 hop limit=62 time = 41.512 ms
12 bytes from 2001:db8::1711:6b10:65fa:be52: id=87 seq=4 hop limit=62 time = 32.004 ms
12 bytes from 2001:db8::1711:6b10:65fa:be52: id=87 seq=5 hop limit=62 time = 27.886 ms
12 bytes from 2001:db8::1711:6b10:65fa:be52: id=87 seq=6 hop limit=62 time = 27.881 ms
12 bytes from 2001:db8::1711:6b10:65fa:be52: id=87 seq=7 hop limit=62 time = 32.963 ms
12 bytes from 2001:db8::1711:6b10:65fa:be52: id=87 seq=8 hop limit=62 time = 32.318 ms
12 bytes from 2001:db8::1711:6b10:65fa:be52: id=87 seq=9 hop limit=62 time = 33.887 ms
12 bytes from 2001:db8::1711:6b10:65fa:be52: id=87 seq=10 hop limit=62 time = 29.161 ms
12 bytes from 2001:db8::1711:6b10:65fa:be52: id=87 seq=11 hop limit=62 time = 33.001 ms
12 bytes from 2001:db8::1711:6b10:65fa:be52: id=87 seq=12 hop limit=62 time = 29.487 ms
12 bytes from 2001:db8::1711:6b10:65fa:be52: id=87 seq=13 hop limit=62 time = 27.880 ms
12 bytes from 2001:db8::1711:6b10:65fa:be52: id=87 seq=14 hop limit=62 time = 33.284 ms
12 bytes from 2001:db8::1711:6b10:65fa:be52: id=87 seq=15 hop limit=62 time = 30.445 ms
12 bytes from 2001:db8::1711:6b10:65fa:be52: id=87 seq=16 hop limit=62 time = 34.696 ms
12 bytes from 2001:db8::1711:6b10:65fa:be52: id=87 seq=17 hop limit=62 time = 32.644 ms
12 bytes from 2001:db8::1711:6b10:65fa:be52: id=87 seq=18 hop limit=62 time = 25.960 ms
12 bytes from 2001:db8::1711:6b10:65fa:be52: id=87 seq=19 hop limit=62 time = 31.720 ms
12 bytes from 2001:db8::1711:6b10:65fa:be52: id=87 seq=20 hop limit=62 time = 31.080 ms
12 bytes from 2001:db8::1711:6b10:65fa:be52: id=87 seq=21 hop limit=62 time = 28.842 ms
12 bytes from 2001:db8::1711:6b10:65fa:be52: id=87 seq=22 hop limit=62 time = 39.959 ms
12 bytes from 2001:db8::1711:6b10:65fa:be52: id=87 seq=23 hop limit=62 time = 33.917 ms
12 bytes from 2001:db8::1711:6b10:65fa:be52: id=87 seq=24 hop limit=62 time = 28.211 ms
12 bytes from 2001:db8::1711:6b10:65fa:be52: id=87 seq=25 hop limit=62 time = 28.031 ms
12 bytes from 2001:db8::1711:6b10:65fa:be52: id=87 seq=26 hop limit=62 time = 24.692 ms
12 bytes from 2001:db8::1711:6b10:65fa:be52: id=87 seq=27 hop limit=62 time = 32.317 ms
12 bytes from 2001:db8::1711:6b10:65fa:be52: id=87 seq=28 hop limit=62 time = 29.800 ms
12 bytes from 2001:db8::1711:6b10:65fa:be52: id=87 seq=29 hop limit=62 time = 30.761 ms
12 bytes from 2001:db8::1711:6b10:65fa:be52: id=87 seq=30 hop limit=62 time = 26.612 ms
12 bytes from 2001:db8::1711:6b10:65fa:be52: id=87 seq=31 hop limit=62 time = 32.324 ms
12 bytes from 2001:db8::1711:6b10:65fa:be52: id=87 seq=32 hop limit=62 time = 28.851 ms
12 bytes from 2001:db8::1711:6b10:65fa:be52: id=87 seq=33 hop limit=62 time = 30.409 ms
12 bytes from 2001:db8::1711:6b10:65fa:be52: id=87 seq=34 hop limit=62 time = 25.969 ms
12 bytes from 2001:db8::1711:6b10:65fa:be52: id=87 seq=35 hop limit=62 time = 31.043 ms
ping timeout
12 bytes from 2001:db8::1711:6b10:65fa:be52: id=87 seq=37 hop limit=62 time = 28.195 ms
12 bytes from 2001:db8::1711:6b10:65fa:be52: id=87 seq=38 hop limit=62 time = 37.112 ms
12 bytes from 2001:db8::1711:6b10:65fa:be52: id=87 seq=39 hop limit=62 time = 30.436 ms
12 bytes from 2001:db8::1711:6b10:65fa:be52: id=87 seq=40 hop limit=62 time = 35.156 ms
12 bytes from 2001:db8::1711:6b10:65fa:be52: id=87 seq=41 hop limit=62 time = 38.030 ms
12 bytes from 2001:db8::1711:6b10:65fa:be52: id=87 seq=42 hop limit=62 time = 49.149 ms
12 bytes from 2001:db8::1711:6b10:65fa:be52: id=87 seq=43 hop limit=62 time = 27.556 ms
12 bytes from 2001:db8::1711:6b10:65fa:be52: id=87 seq=44 hop limit=62 time = 30.398 ms
12 bytes from 2001:db8::1711:6b10:65fa:be52: id=87 seq=45 hop limit=62 time = 28.515 ms
12 bytes from 2001:db8::1711:6b10:65fa:be52: id=87 seq=46 hop limit=62 time = 34.232 ms
12 bytes from 2001:db8::1711:6b10:65fa:be52: id=87 seq=47 hop limit=62 time = 29.800 ms
12 bytes from 2001:db8::1711:6b10:65fa:be52: id=87 seq=48 hop limit=62 time = 36.115 ms
ping timeout
12 bytes from 2001:db8::1711:6b10:65fa:be52: id=87 seq=50 hop limit=62 time = 32.356 ms
12 bytes from 2001:db8::1711:6b10:65fa:be52: id=87 seq=51 hop limit=62 time = 39.950 ms
12 bytes from 2001:db8::1711:6b10:65fa:be52: id=87 seq=52 hop limit=62 time = 40.590 ms
12 bytes from 2001:db8::1711:6b10:65fa:be52: id=87 seq=53 hop limit=62 time = 26.915 ms
12 bytes from 2001:db8::1711:6b10:65fa:be52: id=87 seq=54 hop limit=62 time = 30.436 ms
12 bytes from 2001:db8::1711:6b10:65fa:be52: id=87 seq=55 hop limit=62 time = 31.716 ms
12 bytes from 2001:db8::1711:6b10:65fa:be52: id=87 seq=56 hop limit=62 time = 37.389 ms
12 bytes from 2001:db8::1711:6b10:65fa:be52: id=87 seq=57 hop limit=62 time = 34.878 ms
12 bytes from 2001:db8::1711:6b10:65fa:be52: id=87 seq=58 hop limit=62 time = 27.247 ms
12 bytes from 2001:db8::1711:6b10:65fa:be52: id=87 seq=59 hop limit=62 time = 39.949 ms
12 bytes from 2001:db8::1711:6b10:65fa:be52: id=87 seq=60 hop limit=62 time = 32.331 ms
12 bytes from 2001:db8::1711:6b10:65fa:be52: id=87 seq=61 hop limit=62 time = 31.359 ms
12 bytes from 2001:db8::1711:6b10:65fa:be52: id=87 seq=62 hop limit=62 time = 28.844 ms
12 bytes from 2001:db8::1711:6b10:65fa:be52: id=87 seq=63 hop limit=62 time = 28.517 ms
12 bytes from 2001:db8::1711:6b10:65fa:be52: id=87 seq=64 hop limit=62 time = 28.517 ms
12 bytes from 2001:db8::1711:6b10:65fa:be52: id=87 seq=65 hop limit=62 time = 25.328 ms
12 bytes from 2001:db8::1711:6b10:65fa:be52: id=87 seq=66 hop limit=62 time = 35.193 ms
12 bytes from 2001:db8::1711:6b10:65fa:be52: id=87 seq=67 hop limit=62 time = 31.395 ms
12 bytes from 2001:db8::1711:6b10:65fa:be52: id=87 seq=68 hop limit=62 time = 37.112 ms
12 bytes from 2001:db8::1711:6b10:65fa:be52: id=87 seq=69 hop limit=62 time = 33.272 ms
12 bytes from 2001:db8::1711:6b10:65fa:be52: id=87 seq=70 hop limit=62 time = 27.850 ms
12 bytes from 2001:db8::1711:6b10:65fa:be52: id=87 seq=71 hop limit=62 time = 28.810 ms
12 bytes from 2001:db8::1711:6b10:65fa:be52: id=87 seq=72 hop limit=62 time = 25.007 ms
12 bytes from 2001:db8::1711:6b10:65fa:be52: id=87 seq=73 hop limit=62 time = 31.399 ms
12 bytes from 2001:db8::1711:6b10:65fa:be52: id=87 seq=74 hop limit=62 time = 30.115 ms
12 bytes from 2001:db8::1711:6b10:65fa:be52: id=87 seq=75 hop limit=62 time = 29.161 ms
12 bytes from 2001:db8::1711:6b10:65fa:be52: id=87 seq=76 hop limit=62 time = 30.718 ms
12 bytes from 2001:db8::1711:6b10:65fa:be52: id=87 seq=77 hop limit=62 time = 29.802 ms
12 bytes from 2001:db8::1711:6b10:65fa:be52: id=87 seq=78 hop limit=62 time = 41.827 ms
12 bytes from 2001:db8::1711:6b10:65fa:be52: id=87 seq=79 hop limit=62 time = 56.355 ms
12 bytes from 2001:db8::1711:6b10:65fa:be52: id=87 seq=80 hop limit=62 time = 26.922 ms
12 bytes from 2001:db8::1711:6b10:65fa:be52: id=87 seq=81 hop limit=62 time = 26.601 ms
12 bytes from 2001:db8::1711:6b10:65fa:be52: id=87 seq=82 hop limit=62 time = 40.269 ms
12 bytes from 2001:db8::1711:6b10:65fa:be52: id=87 seq=83 hop limit=62 time = 36.473 ms
12 bytes from 2001:db8::1711:6b10:65fa:be52: id=87 seq=84 hop limit=62 time = 45.069 ms
12 bytes from 2001:db8::1711:6b10:65fa:be52: id=87 seq=85 hop limit=62 time = 41.229 ms
12 bytes from 2001:db8::1711:6b10:65fa:be52: id=87 seq=86 hop limit=62 time = 46.550 ms
12 bytes from 2001:db8::1711:6b10:65fa:be52: id=87 seq=87 hop limit=62 time = 37.005 ms
12 bytes from 2001:db8::1711:6b10:65fa:be52: id=87 seq=88 hop limit=62 time = 23.739 ms
12 bytes from 2001:db8::1711:6b10:65fa:be52: id=87 seq=89 hop limit=62 time = 31.352 ms
12 bytes from 2001:db8::1711:6b10:65fa:be52: id=87 seq=90 hop limit=62 time = 29.444 ms
12 bytes from 2001:db8::1711:6b10:65fa:be52: id=87 seq=91 hop limit=62 time = 35.167 ms
12 bytes from 2001:db8::1711:6b10:65fa:be52: id=87 seq=92 hop limit=62 time = 38.349 ms
12 bytes from 2001:db8::1711:6b10:65fa:be52: id=87 seq=93 hop limit=62 time = 32.324 ms
12 bytes from 2001:db8::1711:6b10:65fa:be52: id=87 seq=94 hop limit=62 time = 29.162 ms
12 bytes from 2001:db8::1711:6b10:65fa:be52: id=87 seq=95 hop limit=62 time = 43.109 ms
12 bytes from 2001:db8::1711:6b10:65fa:be52: id=87 seq=96 hop limit=62 time = 27.242 ms
12 bytes from 2001:db8::1711:6b10:65fa:be52: id=87 seq=97 hop limit=62 time = 30.720 ms
12 bytes from 2001:db8::1711:6b10:65fa:be52: id=87 seq=98 hop limit=62 time = 27.882 ms
ping timeout
12 bytes from 2001:db8::1711:6b10:65fa:be52: id=87 seq=100 hop limit=62 time = 40.803 ms
--- 2001:db8::1711:6b10:65fa:be52 ping statistics ---
100 packets transmitted, 96 received, 4% packet loss, time 106.06323164 s
rtt min/avg/max = 23.739/31.245/56.355 ms
> 
> ping6 100 2001:db8::1711:6b10:65f8:bd36
12 bytes from 2001:db8::1711:6b10:65f8:bd36: id=88 seq=1 hop limit=63 time = 19.803 ms
12 bytes from 2001:db8::1711:6b10:65f8:bd36: id=88 seq=2 hop limit=63 time = 34.074 ms
12 bytes from 2001:db8::1711:6b10:65f8:bd36: id=88 seq=3 hop limit=63 time = 22.931 ms
12 bytes from 2001:db8::1711:6b10:65f8:bd36: id=88 seq=4 hop limit=63 time = 22.328 ms
12 bytes from 2001:db8::1711:6b10:65f8:bd36: id=88 seq=5 hop limit=63 time = 26.707 ms
12 bytes from 2001:db8::1711:6b10:65f8:bd36: id=88 seq=6 hop limit=63 time = 24.849 ms
12 bytes from 2001:db8::1711:6b10:65f8:bd36: id=88 seq=7 hop limit=63 time = 18.843 ms
12 bytes from 2001:db8::1711:6b10:65f8:bd36: id=88 seq=8 hop limit=63 time = 29.925 ms
12 bytes from 2001:db8::1711:6b10:65f8:bd36: id=88 seq=9 hop limit=63 time = 27.691 ms
12 bytes from 2001:db8::1711:6b10:65f8:bd36: id=88 seq=10 hop limit=63 time = 22.320 ms
12 bytes from 2001:db8::1711:6b10:65f8:bd36: id=88 seq=11 hop limit=63 time = 19.163 ms
12 bytes from 2001:db8::1711:6b10:65f8:bd36: id=88 seq=11 hop limit=63 time = 0.630 ms
12 bytes from 2001:db8::1711:6b10:65f8:bd36: id=88 seq=12 hop limit=63 time = 0.631 ms
12 bytes from 2001:db8::1711:6b10:65f8:bd36: id=88 seq=13 hop limit=63 time = 0.633 ms
dropping additional response packet (probably caused by duplicates)
12 bytes from 2001:db8::1711:6b10:65f8:bd36: id=88 seq=14 hop limit=63 time = 0.631 ms
12 bytes from 2001:db8::1711:6b10:65f8:bd36: id=88 seq=15 hop limit=63 time = 0.630 ms
12 bytes from 2001:db8::1711:6b10:65f8:bd36: id=88 seq=16 hop limit=63 time = 0.631 ms
12 bytes from 2001:db8::1711:6b10:65f8:bd36: id=88 seq=17 hop limit=63 time = 0.630 ms
12 bytes from 2001:db8::1711:6b10:65f8:bd36: id=88 seq=18 hop limit=63 time = 0.631 ms
12 bytes from 2001:db8::1711:6b10:65f8:bd36: id=88 seq=19 hop limit=63 time = 0.630 ms
12 bytes from 2001:db8::1711:6b10:65f8:bd36: id=88 seq=20 hop limit=63 time = 0.631 ms
12 bytes from 2001:db8::1711:6b10:65f8:bd36: id=88 seq=21 hop limit=63 time = 0.630 ms
12 bytes from 2001:db8::1711:6b10:65f8:bd36: id=88 seq=22 hop limit=63 time = 0.631 ms
12 bytes from 2001:db8::1711:6b10:65f8:bd36: id=88 seq=23 hop limit=63 time = 0.630 ms
12 bytes from 2001:db8::1711:6b10:65f8:bd36: id=88 seq=24 hop limit=63 time = 0.631 ms
12 bytes from 2001:db8::1711:6b10:65f8:bd36: id=88 seq=26 hop limit=63 time = 22.979 ms
ping timeout
ping timeout
12 bytes from 2001:db8::1711:6b10:65f8:bd36: id=88 seq=29 hop limit=63 time = 23.601 ms
12 bytes from 2001:db8::1711:6b10:65f8:bd36: id=88 seq=29 hop limit=63 time = 0.633 ms
dropping additional response packet (probably caused by duplicates)
12 bytes from 2001:db8::1711:6b10:65f8:bd36: id=88 seq=30 hop limit=63 time = 0.631 ms
12 bytes from 2001:db8::1711:6b10:65f8:bd36: id=88 seq=31 hop limit=63 time = 0.630 ms
12 bytes from 2001:db8::1711:6b10:65f8:bd36: id=88 seq=32 hop limit=63 time = 0.634 ms
dropping additional response packet (probably caused by duplicates)
12 bytes from 2001:db8::1711:6b10:65f8:bd36: id=88 seq=33 hop limit=63 time = 0.630 ms
12 bytes from 2001:db8::1711:6b10:65f8:bd36: id=88 seq=34 hop limit=63 time = 0.631 ms
12 bytes from 2001:db8::1711:6b10:65f8:bd36: id=88 seq=35 hop limit=63 time = 0.630 ms
12 bytes from 2001:db8::1711:6b10:65f8:bd36: id=88 seq=36 hop limit=63 time = 0.634 ms
dropping additional response packet (probably caused by duplicates)
12 bytes from 2001:db8::1711:6b10:65f8:bd36: id=88 seq=37 hop limit=63 time = 0.636 ms
dropping additional response packet (probably caused by duplicates)
dropping additional response packet (probably caused by duplicates)
12 bytes from 2001:db8::1711:6b10:65f8:bd36: id=88 seq=38 hop limit=63 time = 0.631 ms
12 bytes from 2001:db8::1711:6b10:65f8:bd36: id=88 seq=40 hop limit=63 time = 19.490 ms
12 bytes from 2001:db8::1711:6b10:65f8:bd36: id=88 seq=41 hop limit=63 time = 19.169 ms
12 bytes from 2001:db8::1711:6b10:65f8:bd36: id=88 seq=42 hop limit=63 time = 33.338 ms
12 bytes from 2001:db8::1711:6b10:65f8:bd36: id=88 seq=43 hop limit=63 time = 20.443 ms
12 bytes from 2001:db8::1711:6b10:65f8:bd36: id=88 seq=44 hop limit=63 time = 18.209 ms
12 bytes from 2001:db8::1711:6b10:65f8:bd36: id=88 seq=45 hop limit=63 time = 19.484 ms
12 bytes from 2001:db8::1711:6b10:65f8:bd36: id=88 seq=46 hop limit=63 time = 18.204 ms
12 bytes from 2001:db8::1711:6b10:65f8:bd36: id=88 seq=46 hop limit=63 time = 0.631 ms
12 bytes from 2001:db8::1711:6b10:65f8:bd36: id=88 seq=47 hop limit=63 time = 0.630 ms
12 bytes from 2001:db8::1711:6b10:65f8:bd36: id=88 seq=48 hop limit=63 time = 0.631 ms
12 bytes from 2001:db8::1711:6b10:65f8:bd36: id=88 seq=49 hop limit=63 time = 0.630 ms
12 bytes from 2001:db8::1711:6b10:65f8:bd36: id=88 seq=50 hop limit=63 time = 0.631 ms
12 bytes from 2001:db8::1711:6b10:65f8:bd36: id=88 seq=51 hop limit=63 time = 0.630 ms
12 bytes from 2001:db8::1711:6b10:65f8:bd36: id=88 seq=52 hop limit=63 time = 0.631 ms
12 bytes from 2001:db8::1711:6b10:65f8:bd36: id=88 seq=53 hop limit=63 time = 0.630 ms
12 bytes from 2001:db8::1711:6b10:65f8:bd36: id=88 seq=54 hop limit=63 time = 0.631 ms
12 bytes from 2001:db8::1711:6b10:65f8:bd36: id=88 seq=55 hop limit=63 time = 0.630 ms
12 bytes from 2001:db8::1711:6b10:65f8:bd36: id=88 seq=56 hop limit=63 time = 0.631 ms
12 bytes from 2001:db8::1711:6b10:65f8:bd36: id=88 seq=57 hop limit=63 time = 0.633 ms
12 bytes from 2001:db8::1711:6b10:65f8:bd36: id=88 seq=58 hop limit=63 time = 0.631 ms
12 bytes from 2001:db8::1711:6b10:65f8:bd36: id=88 seq=59 hop limit=63 time = 0.630 ms
12 bytes from 2001:db8::1711:6b10:65f8:bd36: id=88 seq=60 hop limit=63 time = 0.631 ms
12 bytes from 2001:db8::1711:6b10:65f8:bd36: id=88 seq=62 hop limit=63 time = 23.256 ms
ping timeout
12 bytes from 2001:db8::1711:6b10:65f8:bd36: id=88 seq=64 hop limit=63 time = 27.974 ms
12 bytes from 2001:db8::1711:6b10:65f8:bd36: id=88 seq=65 hop limit=63 time = 22.363 ms
12 bytes from 2001:db8::1711:6b10:65f8:bd36: id=88 seq=66 hop limit=63 time = 33.683 ms
12 bytes from 2001:db8::1711:6b10:65f8:bd36: id=88 seq=67 hop limit=63 time = 22.326 ms
12 bytes from 2001:db8::1711:6b10:65f8:bd36: id=88 seq=67 hop limit=63 time = 0.631 ms
12 bytes from 2001:db8::1711:6b10:65f8:bd36: id=88 seq=68 hop limit=63 time = 0.630 ms
12 bytes from 2001:db8::1711:6b10:65f8:bd36: id=88 seq=69 hop limit=63 time = 0.631 ms
12 bytes from 2001:db8::1711:6b10:65f8:bd36: id=88 seq=70 hop limit=63 time = 0.630 ms
12 bytes from 2001:db8::1711:6b10:65f8:bd36: id=88 seq=71 hop limit=63 time = 0.631 ms
12 bytes from 2001:db8::1711:6b10:65f8:bd36: id=88 seq=72 hop limit=63 time = 0.630 ms
12 bytes from 2001:db8::1711:6b10:65f8:bd36: id=88 seq=73 hop limit=63 time = 0.634 ms
dropping additional response packet (probably caused by duplicates)
12 bytes from 2001:db8::1711:6b10:65f8:bd36: id=88 seq=74 hop limit=63 time = 0.630 ms
12 bytes from 2001:db8::1711:6b10:65f8:bd36: id=88 seq=75 hop limit=63 time = 0.631 ms
12 bytes from 2001:db8::1711:6b10:65f8:bd36: id=88 seq=76 hop limit=63 time = 0.630 ms
12 bytes from 2001:db8::1711:6b10:65f8:bd36: id=88 seq=77 hop limit=63 time = 0.631 ms
12 bytes from 2001:db8::1711:6b10:65f8:bd36: id=88 seq=78 hop limit=63 time = 0.633 ms
dropping additional response packet (probably caused by duplicates)
12 bytes from 2001:db8::1711:6b10:65f8:bd36: id=88 seq=79 hop limit=63 time = 0.631 ms
12 bytes from 2001:db8::1711:6b10:65f8:bd36: id=88 seq=80 hop limit=63 time = 0.630 ms
12 bytes from 2001:db8::1711:6b10:65f8:bd36: id=88 seq=81 hop limit=63 time = 0.631 ms
12 bytes from 2001:db8::1711:6b10:65f8:bd36: id=88 seq=82 hop limit=63 time = 0.630 ms
12 bytes from 2001:db8::1711:6b10:65f8:bd36: id=88 seq=83 hop limit=63 time = 0.631 ms
12 bytes from 2001:db8::1711:6b10:65f8:bd36: id=88 seq=84 hop limit=63 time = 0.630 ms
12 bytes from 2001:db8::1711:6b10:65f8:bd36: id=88 seq=85 hop limit=63 time = 0.631 ms
12 bytes from 2001:db8::1711:6b10:65f8:bd36: id=88 seq=86 hop limit=63 time = 0.630 ms
12 bytes from 2001:db8::1711:6b10:65f8:bd36: id=88 seq=87 hop limit=63 time = 0.631 ms
12 bytes from 2001:db8::1711:6b10:65f8:bd36: id=88 seq=88 hop limit=63 time = 0.630 ms
12 bytes from 2001:db8::1711:6b10:65f8:bd36: id=88 seq=89 hop limit=63 time = 0.631 ms
12 bytes from 2001:db8::1711:6b10:65f8:bd36: id=88 seq=90 hop limit=63 time = 0.633 ms
dropping additional response packet (probably caused by duplicates)
12 bytes from 2001:db8::1711:6b10:65f8:bd36: id=88 seq=91 hop limit=63 time = 0.631 ms
12 bytes from 2001:db8::1711:6b10:65f8:bd36: id=88 seq=92 hop limit=63 time = 0.630 ms
12 bytes from 2001:db8::1711:6b10:65f8:bd36: id=88 seq=94 hop limit=63 time = 32.166 ms
12 bytes from 2001:db8::1711:6b10:65f8:bd36: id=88 seq=95 hop limit=63 time = 19.170 ms
12 bytes from 2001:db8::1711:6b10:65f8:bd36: id=88 seq=96 hop limit=63 time = 28.332 ms
12 bytes from 2001:db8::1711:6b10:65f8:bd36: id=88 seq=97 hop limit=63 time = 24.217 ms
12 bytes from 2001:db8::1711:6b10:65f8:bd36: id=88 seq=98 hop limit=63 time = 26.092 ms
12 bytes from 2001:db8::1711:6b10:65f8:bd36: id=88 seq=99 hop limit=63 time = 17.327 ms
12 bytes from 2001:db8::1711:6b10:65f8:bd36: id=88 seq=100 hop limit=63 time = 36.283 ms
--- 2001:db8::1711:6b10:65f8:bd36 ping statistics ---
100 packets transmitted, 97 received, 3% packet loss, time 103.0629482 s
rtt min/avg/max = 0.630/8.177/36.283 ms
