> ping6 100 2001:db8::1711:6b10:65fc:bd06
12 bytes from 2001:db8::1711:6b10:65fc:bd06: id=83 seq=1 hop limit=64 time = 9.140 ms
12 bytes from 2001:db8::1711:6b10:65fc:bd06: id=83 seq=2 hop limit=64 time = 9.133 ms
12 bytes from 2001:db8::1711:6b10:65fc:bd06: id=83 seq=3 hop limit=64 time = 8.813 ms
12 bytes from 2001:db8::1711:6b10:65fc:bd06: id=83 seq=4 hop limit=64 time = 11.053 ms
12 bytes from 2001:db8::1711:6b10:65fc:bd06: id=83 seq=5 hop limit=64 time = 10.413 ms
12 bytes from 2001:db8::1711:6b10:65fc:bd06: id=83 seq=6 hop limit=64 time = 8.819 ms
12 bytes from 2001:db8::1711:6b10:65fc:bd06: id=83 seq=7 hop limit=64 time = 8.173 ms
12 bytes from 2001:db8::1711:6b10:65fc:bd06: id=83 seq=8 hop limit=64 time = 10.093 ms
12 bytes from 2001:db8::1711:6b10:65fc:bd06: id=83 seq=9 hop limit=64 time = 8.495 ms
12 bytes from 2001:db8::1711:6b10:65fc:bd06: id=83 seq=10 hop limit=64 time = 10.094 ms
12 bytes from 2001:db8::1711:6b10:65fc:bd06: id=83 seq=11 hop limit=64 time = 10.414 ms
12 bytes from 2001:db8::1711:6b10:65fc:bd06: id=83 seq=12 hop limit=64 time = 8.820 ms
12 bytes from 2001:db8::1711:6b10:65fc:bd06: id=83 seq=13 hop limit=64 time = 8.174 ms
12 bytes from 2001:db8::1711:6b10:65fc:bd06: id=83 seq=14 hop limit=64 time = 9.454 ms
12 bytes from 2001:db8::1711:6b10:65fc:bd06: id=83 seq=15 hop limit=64 time = 9.454 ms
12 bytes from 2001:db8::1711:6b10:65fc:bd06: id=83 seq=16 hop limit=64 time = 9.134 ms
12 bytes from 2001:db8::1711:6b10:65fc:bd06: id=83 seq=17 hop limit=64 time = 8.820 ms
12 bytes from 2001:db8::1711:6b10:65fc:bd06: id=83 seq=18 hop limit=64 time = 8.493 ms
12 bytes from 2001:db8::1711:6b10:65fc:bd06: id=83 seq=19 hop limit=64 time = 9.773 ms
12 bytes from 2001:db8::1711:6b10:65fc:bd06: id=83 seq=20 hop limit=64 time = 10.414 ms
12 bytes from 2001:db8::1711:6b10:65fc:bd06: id=83 seq=21 hop limit=64 time = 8.493 ms
12 bytes from 2001:db8::1711:6b10:65fc:bd06: id=83 seq=22 hop limit=64 time = 10.100 ms
12 bytes from 2001:db8::1711:6b10:65fc:bd06: id=83 seq=23 hop limit=64 time = 7.859 ms
12 bytes from 2001:db8::1711:6b10:65fc:bd06: id=83 seq=24 hop limit=64 time = 7.859 ms
12 bytes from 2001:db8::1711:6b10:65fc:bd06: id=83 seq=25 hop limit=64 time = 8.819 ms
12 bytes from 2001:db8::1711:6b10:65fc:bd06: id=83 seq=26 hop limit=64 time = 8.173 ms
12 bytes from 2001:db8::1711:6b10:65fc:bd06: id=83 seq=27 hop limit=64 time = 9.453 ms
12 bytes from 2001:db8::1711:6b10:65fc:bd06: id=83 seq=28 hop limit=64 time = 9.139 ms
12 bytes from 2001:db8::1711:6b10:65fc:bd06: id=83 seq=29 hop limit=64 time = 8.813 ms
12 bytes from 2001:db8::1711:6b10:65fc:bd06: id=83 seq=30 hop limit=64 time = 7.859 ms
12 bytes from 2001:db8::1711:6b10:65fc:bd06: id=83 seq=31 hop limit=64 time = 8.499 ms
12 bytes from 2001:db8::1711:6b10:65fc:bd06: id=83 seq=32 hop limit=64 time = 7.853 ms
12 bytes from 2001:db8::1711:6b10:65fc:bd06: id=83 seq=33 hop limit=64 time = 10.093 ms
12 bytes from 2001:db8::1711:6b10:65fc:bd06: id=83 seq=34 hop limit=64 time = 9.460 ms
12 bytes from 2001:db8::1711:6b10:65fc:bd06: id=83 seq=35 hop limit=64 time = 8.813 ms
12 bytes from 2001:db8::1711:6b10:65fc:bd06: id=83 seq=36 hop limit=64 time = 8.173 ms
12 bytes from 2001:db8::1711:6b10:65fc:bd06: id=83 seq=37 hop limit=64 time = 11.053 ms
12 bytes from 2001:db8::1711:6b10:65fc:bd06: id=83 seq=38 hop limit=64 time = 9.773 ms
12 bytes from 2001:db8::1711:6b10:65fc:bd06: id=83 seq=39 hop limit=64 time = 10.093 ms
12 bytes from 2001:db8::1711:6b10:65fc:bd06: id=83 seq=40 hop limit=64 time = 8.494 ms
12 bytes from 2001:db8::1711:6b10:65fc:bd06: id=83 seq=41 hop limit=64 time = 10.093 ms
12 bytes from 2001:db8::1711:6b10:65fc:bd06: id=83 seq=42 hop limit=64 time = 11.053 ms
12 bytes from 2001:db8::1711:6b10:65fc:bd06: id=83 seq=43 hop limit=64 time = 9.780 ms
12 bytes from 2001:db8::1711:6b10:65fc:bd06: id=83 seq=44 hop limit=64 time = 10.093 ms
12 bytes from 2001:db8::1711:6b10:65fc:bd06: id=83 seq=45 hop limit=64 time = 8.494 ms
12 bytes from 2001:db8::1711:6b10:65fc:bd06: id=83 seq=46 hop limit=64 time = 10.093 ms
12 bytes from 2001:db8::1711:6b10:65fc:bd06: id=83 seq=47 hop limit=64 time = 8.180 ms
12 bytes from 2001:db8::1711:6b10:65fc:bd06: id=83 seq=48 hop limit=64 time = 9.460 ms
12 bytes from 2001:db8::1711:6b10:65fc:bd06: id=83 seq=49 hop limit=64 time = 9.774 ms
12 bytes from 2001:db8::1711:6b10:65fc:bd06: id=83 seq=50 hop limit=64 time = 10.095 ms
12 bytes from 2001:db8::1711:6b10:65fc:bd06: id=83 seq=51 hop limit=64 time = 10.734 ms
12 bytes from 2001:db8::1711:6b10:65fc:bd06: id=83 seq=52 hop limit=64 time = 9.454 ms
12 bytes from 2001:db8::1711:6b10:65fc:bd06: id=83 seq=53 hop limit=64 time = 9.460 ms
12 bytes from 2001:db8::1711:6b10:65fc:bd06: id=83 seq=54 hop limit=64 time = 9.140 ms
12 bytes from 2001:db8::1711:6b10:65fc:bd06: id=83 seq=55 hop limit=64 time = 8.814 ms
12 bytes from 2001:db8::1711:6b10:65fc:bd06: id=83 seq=56 hop limit=64 time = 8.174 ms
12 bytes from 2001:db8::1711:6b10:65fc:bd06: id=83 seq=57 hop limit=64 time = 9.134 ms
12 bytes from 2001:db8::1711:6b10:65fc:bd06: id=83 seq=58 hop limit=64 time = 8.814 ms
12 bytes from 2001:db8::1711:6b10:65fc:bd06: id=83 seq=59 hop limit=64 time = 8.494 ms
12 bytes from 2001:db8::1711:6b10:65fc:bd06: id=83 seq=60 hop limit=64 time = 10.094 ms
12 bytes from 2001:db8::1711:6b10:65fc:bd06: id=83 seq=61 hop limit=64 time = 11.053 ms
12 bytes from 2001:db8::1711:6b10:65fc:bd06: id=83 seq=62 hop limit=64 time = 9.774 ms
12 bytes from 2001:db8::1711:6b10:65fc:bd06: id=83 seq=63 hop limit=64 time = 9.453 ms
12 bytes from 2001:db8::1711:6b10:65fc:bd06: id=83 seq=64 hop limit=64 time = 9.775 ms
12 bytes from 2001:db8::1711:6b10:65fc:bd06: id=83 seq=65 hop limit=64 time = 9.773 ms
12 bytes from 2001:db8::1711:6b10:65fc:bd06: id=83 seq=66 hop limit=64 time = 10.414 ms
12 bytes from 2001:db8::1711:6b10:65fc:bd06: id=83 seq=67 hop limit=64 time = 9.133 ms
12 bytes from 2001:db8::1711:6b10:65fc:bd06: id=83 seq=68 hop limit=64 time = 11.373 ms
12 bytes from 2001:db8::1711:6b10:65fc:bd06: id=83 seq=69 hop limit=64 time = 10.413 ms
12 bytes from 2001:db8::1711:6b10:65fc:bd06: id=83 seq=70 hop limit=64 time = 8.499 ms
12 bytes from 2001:db8::1711:6b10:65fc:bd06: id=83 seq=71 hop limit=64 time = 7.539 ms
12 bytes from 2001:db8::1711:6b10:65fc:bd06: id=83 seq=72 hop limit=64 time = 8.493 ms
12 bytes from 2001:db8::1711:6b10:65fc:bd06: id=83 seq=73 hop limit=64 time = 10.093 ms
12 bytes from 2001:db8::1711:6b10:65fc:bd06: id=83 seq=74 hop limit=64 time = 10.733 ms
12 bytes from 2001:db8::1711:6b10:65fc:bd06: id=83 seq=75 hop limit=64 time = 9.133 ms
12 bytes from 2001:db8::1711:6b10:65fc:bd06: id=83 seq=76 hop limit=64 time = 9.133 ms
12 bytes from 2001:db8::1711:6b10:65fc:bd06: id=83 seq=77 hop limit=64 time = 8.813 ms
12 bytes from 2001:db8::1711:6b10:65fc:bd06: id=83 seq=78 hop limit=64 time = 11.053 ms
12 bytes from 2001:db8::1711:6b10:65fc:bd06: id=83 seq=79 hop limit=64 time = 10.093 ms
12 bytes from 2001:db8::1711:6b10:65fc:bd06: id=83 seq=80 hop limit=64 time = 10.733 ms
12 bytes from 2001:db8::1711:6b10:65fc:bd06: id=83 seq=81 hop limit=64 time = 9.773 ms
12 bytes from 2001:db8::1711:6b10:65fc:bd06: id=83 seq=82 hop limit=64 time = 9.773 ms
12 bytes from 2001:db8::1711:6b10:65fc:bd06: id=83 seq=83 hop limit=64 time = 8.179 ms
12 bytes from 2001:db8::1711:6b10:65fc:bd06: id=83 seq=84 hop limit=64 time = 9.459 ms
12 bytes from 2001:db8::1711:6b10:65fc:bd06: id=83 seq=85 hop limit=64 time = 9.453 ms
12 bytes from 2001:db8::1711:6b10:65fc:bd06: id=83 seq=86 hop limit=64 time = 9.133 ms
12 bytes from 2001:db8::1711:6b10:65fc:bd06: id=83 seq=87 hop limit=64 time = 9.133 ms
12 bytes from 2001:db8::1711:6b10:65fc:bd06: id=83 seq=88 hop limit=64 time = 8.813 ms
12 bytes from 2001:db8::1711:6b10:65fc:bd06: id=83 seq=89 hop limit=64 time = 9.777 ms
12 bytes from 2001:db8::1711:6b10:65fc:bd06: id=83 seq=90 hop limit=64 time = 9.773 ms
12 bytes from 2001:db8::1711:6b10:65fc:bd06: id=83 seq=91 hop limit=64 time = 10.413 ms
12 bytes from 2001:db8::1711:6b10:65fc:bd06: id=83 seq=92 hop limit=64 time = 8.494 ms
12 bytes from 2001:db8::1711:6b10:65fc:bd06: id=83 seq=93 hop limit=64 time = 10.093 ms
12 bytes from 2001:db8::1711:6b10:65fc:bd06: id=83 seq=94 hop limit=64 time = 8.813 ms
12 bytes from 2001:db8::1711:6b10:65fc:bd06: id=83 seq=95 hop limit=64 time = 10.733 ms
12 bytes from 2001:db8::1711:6b10:65fc:bd06: id=83 seq=96 hop limit=64 time = 9.773 ms
12 bytes from 2001:db8::1711:6b10:65fc:bd06: id=83 seq=97 hop limit=64 time = 14.498 ms
12 bytes from 2001:db8::1711:6b10:65fc:bd06: id=83 seq=98 hop limit=64 time = 9.453 ms
12 bytes from 2001:db8::1711:6b10:65fc:bd06: id=83 seq=99 hop limit=64 time = 10.093 ms
12 bytes from 2001:db8::1711:6b10:65fc:bd06: id=83 seq=100 hop limit=64 time = 10.413 ms
--- 2001:db8::1711:6b10:65fc:bd06 ping statistics ---
100 packets transmitted, 100 received, 0% packet loss, time 100.06148388 s
rtt min/avg/max = 7.539/9.469/14.498 ms
> 
> ping6 100 2001:db8::1711:6b10:65fb:b816
12 bytes from 2001:db8::1711:6b10:65fb:b816: id=84 seq=1 hop limit=64 time = 11.063 ms
12 bytes from 2001:db8::1711:6b10:65fb:b816: id=84 seq=2 hop limit=64 time = 10.103 ms
12 bytes from 2001:db8::1711:6b10:65fb:b816: id=84 seq=3 hop limit=64 time = 10.423 ms
12 bytes from 2001:db8::1711:6b10:65fb:b816: id=84 seq=4 hop limit=64 time = 8.823 ms
12 bytes from 2001:db8::1711:6b10:65fb:b816: id=84 seq=5 hop limit=64 time = 7.869 ms
12 bytes from 2001:db8::1711:6b10:65fb:b816: id=84 seq=6 hop limit=64 time = 8.823 ms
12 bytes from 2001:db8::1711:6b10:65fb:b816: id=84 seq=7 hop limit=64 time = 8.503 ms
12 bytes from 2001:db8::1711:6b10:65fb:b816: id=84 seq=8 hop limit=64 time = 10.104 ms
12 bytes from 2001:db8::1711:6b10:65fb:b816: id=84 seq=9 hop limit=64 time = 11.063 ms
12 bytes from 2001:db8::1711:6b10:65fb:b816: id=84 seq=10 hop limit=64 time = 9.783 ms
12 bytes from 2001:db8::1711:6b10:65fb:b816: id=84 seq=11 hop limit=64 time = 9.783 ms
12 bytes from 2001:db8::1711:6b10:65fb:b816: id=84 seq=12 hop limit=64 time = 10.423 ms
12 bytes from 2001:db8::1711:6b10:65fb:b816: id=84 seq=13 hop limit=64 time = 11.383 ms
12 bytes from 2001:db8::1711:6b10:65fb:b816: id=84 seq=14 hop limit=64 time = 10.743 ms
12 bytes from 2001:db8::1711:6b10:65fb:b816: id=84 seq=15 hop limit=64 time = 9.783 ms
12 bytes from 2001:db8::1711:6b10:65fb:b816: id=84 seq=16 hop limit=64 time = 11.063 ms
12 bytes from 2001:db8::1711:6b10:65fb:b816: id=84 seq=17 hop limit=64 time = 9.783 ms
12 bytes from 2001:db8::1711:6b10:65fb:b816: id=84 seq=18 hop limit=64 time = 7.549 ms
12 bytes from 2001:db8::1711:6b10:65fb:b816: id=84 seq=19 hop limit=64 time = 8.503 ms
12 bytes from 2001:db8::1711:6b10:65fb:b816: id=84 seq=20 hop limit=64 time = 8.823 ms
12 bytes from 2001:db8::1711:6b10:65fb:b816: id=84 seq=21 hop limit=64 time = 11.063 ms
12 bytes from 2001:db8::1711:6b10:65fb:b816: id=84 seq=22 hop limit=64 time = 9.783 ms
12 bytes from 2001:db8::1711:6b10:65fb:b816: id=84 seq=23 hop limit=64 time = 10.103 ms
12 bytes from 2001:db8::1711:6b10:65fb:b816: id=84 seq=24 hop limit=64 time = 8.503 ms
12 bytes from 2001:db8::1711:6b10:65fb:b816: id=84 seq=25 hop limit=64 time = 10.104 ms
12 bytes from 2001:db8::1711:6b10:65fb:b816: id=84 seq=26 hop limit=64 time = 10.743 ms
12 bytes from 2001:db8::1711:6b10:65fb:b816: id=84 seq=27 hop limit=64 time = 9.463 ms
12 bytes from 2001:db8::1711:6b10:65fb:b816: id=84 seq=28 hop limit=64 time = 9.469 ms
12 bytes from 2001:db8::1711:6b10:65fb:b816: id=84 seq=29 hop limit=64 time = 9.149 ms
12 bytes from 2001:db8::1711:6b10:65fb:b816: id=84 seq=30 hop limit=64 time = 8.829 ms
12 bytes from 2001:db8::1711:6b10:65fb:b816: id=84 seq=31 hop limit=64 time = 7.869 ms
12 bytes from 2001:db8::1711:6b10:65fb:b816: id=84 seq=32 hop limit=64 time = 8.823 ms
12 bytes from 2001:db8::1711:6b10:65fb:b816: id=84 seq=33 hop limit=64 time = 8.183 ms
12 bytes from 2001:db8::1711:6b10:65fb:b816: id=84 seq=34 hop limit=64 time = 9.143 ms
12 bytes from 2001:db8::1711:6b10:65fb:b816: id=84 seq=35 hop limit=64 time = 8.823 ms
12 bytes from 2001:db8::1711:6b10:65fb:b816: id=84 seq=36 hop limit=64 time = 9.463 ms
12 bytes from 2001:db8::1711:6b10:65fb:b816: id=84 seq=37 hop limit=64 time = 9.143 ms
12 bytes from 2001:db8::1711:6b10:65fb:b816: id=84 seq=38 hop limit=64 time = 8.829 ms
12 bytes from 2001:db8::1711:6b10:65fb:b816: id=84 seq=39 hop limit=64 time = 7.869 ms
12 bytes from 2001:db8::1711:6b10:65fb:b816: id=84 seq=40 hop limit=64 time = 8.823 ms
12 bytes from 2001:db8::1711:6b10:65fb:b816: id=84 seq=41 hop limit=64 time = 8.183 ms
12 bytes from 2001:db8::1711:6b10:65fb:b816: id=84 seq=42 hop limit=64 time = 9.791 ms
12 bytes from 2001:db8::1711:6b10:65fb:b816: id=84 seq=43 hop limit=64 time = 11.384 ms
12 bytes from 2001:db8::1711:6b10:65fb:b816: id=84 seq=44 hop limit=64 time = 11.063 ms
12 bytes from 2001:db8::1711:6b10:65fb:b816: id=84 seq=45 hop limit=64 time = 10.423 ms
12 bytes from 2001:db8::1711:6b10:65fb:b816: id=84 seq=46 hop limit=64 time = 11.063 ms
12 bytes from 2001:db8::1711:6b10:65fb:b816: id=84 seq=47 hop limit=64 time = 7.863 ms
12 bytes from 2001:db8::1711:6b10:65fb:b816: id=84 seq=48 hop limit=64 time = 8.823 ms
12 bytes from 2001:db8::1711:6b10:65fb:b816: id=84 seq=49 hop limit=64 time = 9.783 ms
12 bytes from 2001:db8::1711:6b10:65fb:b816: id=84 seq=50 hop limit=64 time = 10.103 ms
12 bytes from 2001:db8::1711:6b10:65fb:b816: id=84 seq=51 hop limit=64 time = 10.423 ms
12 bytes from 2001:db8::1711:6b10:65fb:b816: id=84 seq=52 hop limit=64 time = 8.829 ms
12 bytes from 2001:db8::1711:6b10:65fb:b816: id=84 seq=53 hop limit=64 time = 8.503 ms
12 bytes from 2001:db8::1711:6b10:65fb:b816: id=84 seq=54 hop limit=64 time = 10.423 ms
12 bytes from 2001:db8::1711:6b10:65fb:b816: id=84 seq=55 hop limit=64 time = 11.383 ms
12 bytes from 2001:db8::1711:6b10:65fb:b816: id=84 seq=56 hop limit=64 time = 10.743 ms
12 bytes from 2001:db8::1711:6b10:65fb:b816: id=84 seq=57 hop limit=64 time = 9.783 ms
12 bytes from 2001:db8::1711:6b10:65fb:b816: id=84 seq=58 hop limit=64 time = 10.103 ms
12 bytes from 2001:db8::1711:6b10:65fb:b816: id=84 seq=59 hop limit=64 time = 10.423 ms
12 bytes from 2001:db8::1711:6b10:65fb:b816: id=84 seq=60 hop limit=64 time = 9.143 ms
12 bytes from 2001:db8::1711:6b10:65fb:b816: id=84 seq=61 hop limit=64 time = 8.503 ms
12 bytes from 2001:db8::1711:6b10:65fb:b816: id=84 seq=62 hop limit=64 time = 10.423 ms
12 bytes from 2001:db8::1711:6b10:65fb:b816: id=84 seq=63 hop limit=64 time = 9.783 ms
12 bytes from 2001:db8::1711:6b10:65fb:b816: id=84 seq=64 hop limit=64 time = 10.424 ms
12 bytes from 2001:db8::1711:6b10:65fb:b816: id=84 seq=65 hop limit=64 time = 8.504 ms
12 bytes from 2001:db8::1711:6b10:65fb:b816: id=84 seq=66 hop limit=64 time = 10.423 ms
12 bytes from 2001:db8::1711:6b10:65fb:b816: id=84 seq=67 hop limit=64 time = 9.143 ms
12 bytes from 2001:db8::1711:6b10:65fb:b816: id=84 seq=68 hop limit=64 time = 11.383 ms
12 bytes from 2001:db8::1711:6b10:65fb:b816: id=84 seq=69 hop limit=64 time = 10.423 ms
12 bytes from 2001:db8::1711:6b10:65fb:b816: id=84 seq=70 hop limit=64 time = 8.509 ms
12 bytes from 2001:db8::1711:6b10:65fb:b816: id=84 seq=71 hop limit=64 time = 7.549 ms
12 bytes from 2001:db8::1711:6b10:65fb:b816: id=84 seq=72 hop limit=64 time = 8.190 ms
12 bytes from 2001:db8::1711:6b10:65fb:b816: id=84 seq=73 hop limit=64 time = 8.509 ms
12 bytes from 2001:db8::1711:6b10:65fb:b816: id=84 seq=74 hop limit=64 time = 7.242 ms
12 bytes from 2001:db8::1711:6b10:65fb:b816: id=84 seq=75 hop limit=64 time = 7.863 ms
12 bytes from 2001:db8::1711:6b10:65fb:b816: id=84 seq=76 hop limit=64 time = 8.824 ms
12 bytes from 2001:db8::1711:6b10:65fb:b816: id=84 seq=77 hop limit=64 time = 10.743 ms
12 bytes from 2001:db8::1711:6b10:65fb:b816: id=84 seq=78 hop limit=64 time = 9.463 ms
12 bytes from 2001:db8::1711:6b10:65fb:b816: id=84 seq=79 hop limit=64 time = 9.783 ms
12 bytes from 2001:db8::1711:6b10:65fb:b816: id=84 seq=80 hop limit=64 time = 10.103 ms
12 bytes from 2001:db8::1711:6b10:65fb:b816: id=84 seq=81 hop limit=64 time = 10.743 ms
12 bytes from 2001:db8::1711:6b10:65fb:b816: id=84 seq=82 hop limit=64 time = 9.469 ms
12 bytes from 2001:db8::1711:6b10:65fb:b816: id=84 seq=83 hop limit=64 time = 9.149 ms
12 bytes from 2001:db8::1711:6b10:65fb:b816: id=84 seq=84 hop limit=64 time = 9.144 ms
12 bytes from 2001:db8::1711:6b10:65fb:b816: id=84 seq=85 hop limit=64 time = 8.823 ms
12 bytes from 2001:db8::1711:6b10:65fb:b816: id=84 seq=86 hop limit=64 time = 10.744 ms
12 bytes from 2001:db8::1711:6b10:65fb:b816: id=84 seq=87 hop limit=64 time = 9.143 ms
12 bytes from 2001:db8::1711:6b10:65fb:b816: id=84 seq=88 hop limit=64 time = 9.464 ms
12 bytes from 2001:db8::1711:6b10:65fb:b816: id=84 seq=89 hop limit=64 time = 9.143 ms
12 bytes from 2001:db8::1711:6b10:65fb:b816: id=84 seq=90 hop limit=64 time = 8.825 ms
12 bytes from 2001:db8::1711:6b10:65fb:b816: id=84 seq=91 hop limit=64 time = 8.185 ms
12 bytes from 2001:db8::1711:6b10:65fb:b816: id=84 seq=92 hop limit=64 time = 9.144 ms
12 bytes from 2001:db8::1711:6b10:65fb:b816: id=84 seq=93 hop limit=64 time = 8.831 ms
12 bytes from 2001:db8::1711:6b10:65fb:b816: id=84 seq=94 hop limit=64 time = 8.504 ms
12 bytes from 2001:db8::1711:6b10:65fb:b816: id=84 seq=95 hop limit=64 time = 8.829 ms
12 bytes from 2001:db8::1711:6b10:65fb:b816: id=84 seq=96 hop limit=64 time = 8.189 ms
12 bytes from 2001:db8::1711:6b10:65fb:b816: id=84 seq=97 hop limit=64 time = 9.783 ms
12 bytes from 2001:db8::1711:6b10:65fb:b816: id=84 seq=98 hop limit=64 time = 9.783 ms
12 bytes from 2001:db8::1711:6b10:65fb:b816: id=84 seq=99 hop limit=64 time = 10.103 ms
12 bytes from 2001:db8::1711:6b10:65fb:b816: id=84 seq=100 hop limit=64 time = 8.503 ms
--- 2001:db8::1711:6b10:65fb:b816 ping statistics ---
100 packets transmitted, 100 received, 0% packet loss, time 100.06148560 s
rtt min/avg/max = 7.242/9.470/11.384 ms
> 
> ping6 100 2001:db8::1711:6b10:65f7:8516
12 bytes from 2001:db8::1711:6b10:65f7:8516: id=85 seq=1 hop limit=63 time = 16.259 ms
12 bytes from 2001:db8::1711:6b10:65f7:8516: id=85 seq=2 hop limit=63 time = 18.173 ms
12 bytes from 2001:db8::1711:6b10:65f7:8516: id=85 seq=3 hop limit=63 time = 17.859 ms
12 bytes from 2001:db8::1711:6b10:65f7:8516: id=85 seq=4 hop limit=63 time = 18.173 ms
12 bytes from 2001:db8::1711:6b10:65f7:8516: id=85 seq=5 hop limit=63 time = 21.373 ms
12 bytes from 2001:db8::1711:6b10:65f7:8516: id=85 seq=6 hop limit=63 time = 20.733 ms
12 bytes from 2001:db8::1711:6b10:65f7:8516: id=85 seq=7 hop limit=63 time = 21.373 ms
12 bytes from 2001:db8::1711:6b10:65f7:8516: id=85 seq=8 hop limit=63 time = 21.053 ms
12 bytes from 2001:db8::1711:6b10:65f7:8516: id=85 seq=9 hop limit=63 time = 19.134 ms
12 bytes from 2001:db8::1711:6b10:65f7:8516: id=85 seq=10 hop limit=63 time = 21.054 ms
12 bytes from 2001:db8::1711:6b10:65f7:8516: id=85 seq=11 hop limit=63 time = 20.733 ms
12 bytes from 2001:db8::1711:6b10:65f7:8516: id=85 seq=12 hop limit=63 time = 19.453 ms
12 bytes from 2001:db8::1711:6b10:65f7:8516: id=85 seq=13 hop limit=63 time = 18.813 ms
12 bytes from 2001:db8::1711:6b10:65f7:8516: id=85 seq=14 hop limit=63 time = 19.139 ms
12 bytes from 2001:db8::1711:6b10:65f7:8516: id=85 seq=15 hop limit=63 time = 16.905 ms
12 bytes from 2001:db8::1711:6b10:65f7:8516: id=85 seq=16 hop limit=63 time = 14.985 ms
12 bytes from 2001:db8::1711:6b10:65f7:8516: id=85 seq=17 hop limit=63 time = 17.859 ms
12 bytes from 2001:db8::1711:6b10:65f7:8516: id=85 seq=18 hop limit=63 time = 17.853 ms
12 bytes from 2001:db8::1711:6b10:65f7:8516: id=85 seq=19 hop limit=63 time = 18.493 ms
12 bytes from 2001:db8::1711:6b10:65f7:8516: id=85 seq=20 hop limit=63 time = 22.013 ms
12 bytes from 2001:db8::1711:6b10:65f7:8516: id=85 seq=21 hop limit=63 time = 20.420 ms
12 bytes from 2001:db8::1711:6b10:65f7:8516: id=85 seq=22 hop limit=63 time = 19.132 ms
12 bytes from 2001:db8::1711:6b10:65f7:8516: id=85 seq=23 hop limit=63 time = 20.093 ms
12 bytes from 2001:db8::1711:6b10:65f7:8516: id=85 seq=24 hop limit=63 time = 21.053 ms
12 bytes from 2001:db8::1711:6b10:65f7:8516: id=85 seq=25 hop limit=63 time = 15.945 ms
12 bytes from 2001:db8::1711:6b10:65f7:8516: id=85 seq=26 hop limit=63 time = 19.422 ms
12 bytes from 2001:db8::1711:6b10:65f7:8516: id=85 seq=27 hop limit=63 time = 18.173 ms
12 bytes from 2001:db8::1711:6b10:65f7:8516: id=85 seq=28 hop limit=63 time = 16.259 ms
12 bytes from 2001:db8::1711:6b10:65f7:8516: id=85 seq=29 hop limit=63 time = 19.453 ms
12 bytes from 2001:db8::1711:6b10:65f7:8516: id=85 seq=30 hop limit=63 time = 16.893 ms
12 bytes from 2001:db8::1711:6b10:65f7:8516: id=85 seq=31 hop limit=63 time = 19.139 ms
12 bytes from 2001:db8::1711:6b10:65f7:8516: id=85 seq=32 hop limit=63 time = 18.493 ms
12 bytes from 2001:db8::1711:6b10:65f7:8516: id=85 seq=33 hop limit=63 time = 22.340 ms
12 bytes from 2001:db8::1711:6b10:65f7:8516: id=85 seq=34 hop limit=63 time = 21.373 ms
12 bytes from 2001:db8::1711:6b10:65f7:8516: id=85 seq=35 hop limit=63 time = 20.413 ms
12 bytes from 2001:db8::1711:6b10:65f7:8516: id=85 seq=36 hop limit=63 time = 19.773 ms
12 bytes from 2001:db8::1711:6b10:65f7:8516: id=85 seq=37 hop limit=63 time = 18.493 ms
12 bytes from 2001:db8::1711:6b10:65f7:8516: id=85 seq=38 hop limit=63 time = 17.224 ms
12 bytes from 2001:db8::1711:6b10:65f7:8516: id=85 seq=39 hop limit=63 time = 16.573 ms
12 bytes from 2001:db8::1711:6b10:65f7:8516: id=85 seq=40 hop limit=63 time = 17.859 ms
12 bytes from 2001:db8::1711:6b10:65f7:8516: id=85 seq=41 hop limit=63 time = 17.539 ms
12 bytes from 2001:db8::1711:6b10:65f7:8516: id=85 seq=42 hop limit=63 time = 20.099 ms
12 bytes from 2001:db8::1711:6b10:65f7:8516: id=85 seq=43 hop limit=63 time = 17.213 ms
12 bytes from 2001:db8::1711:6b10:65f7:8516: id=85 seq=44 hop limit=63 time = 19.133 ms
12 bytes from 2001:db8::1711:6b10:65f7:8516: id=85 seq=45 hop limit=63 time = 18.173 ms
12 bytes from 2001:db8::1711:6b10:65f7:8516: id=85 seq=46 hop limit=63 time = 18.179 ms
12 bytes from 2001:db8::1711:6b10:65f7:8516: id=85 seq=47 hop limit=63 time = 19.453 ms
12 bytes from 2001:db8::1711:6b10:65f7:8516: id=85 seq=48 hop limit=63 time = 21.373 ms
12 bytes from 2001:db8::1711:6b10:65f7:8516: id=85 seq=49 hop limit=63 time = 19.139 ms
12 bytes from 2001:db8::1711:6b10:65f7:8516: id=85 seq=50 hop limit=63 time = 17.219 ms
12 bytes from 2001:db8::1711:6b10:65f7:8516: id=85 seq=51 hop limit=63 time = 19.773 ms
12 bytes from 2001:db8::1711:6b10:65f7:8516: id=85 seq=52 hop limit=63 time = 18.493 ms
12 bytes from 2001:db8::1711:6b10:65f7:8516: id=85 seq=53 hop limit=63 time = 21.373 ms
12 bytes from 2001:db8::1711:6b10:65f7:8516: id=85 seq=54 hop limit=63 time = 18.493 ms
12 bytes from 2001:db8::1711:6b10:65f7:8516: id=85 seq=55 hop limit=63 time = 22.012 ms
12 bytes from 2001:db8::1711:6b10:65f7:8516: id=85 seq=56 hop limit=63 time = 18.186 ms
12 bytes from 2001:db8::1711:6b10:65f7:8516: id=85 seq=57 hop limit=63 time = 18.493 ms
12 bytes from 2001:db8::1711:6b10:65f7:8516: id=85 seq=58 hop limit=63 time = 22.013 ms
12 bytes from 2001:db8::1711:6b10:65f7:8516: id=85 seq=59 hop limit=63 time = 20.092 ms
12 bytes from 2001:db8::1711:6b10:65f7:8516: id=85 seq=60 hop limit=63 time = 17.540 ms
12 bytes from 2001:db8::1711:6b10:65f7:8516: id=85 seq=61 hop limit=63 time = 19.459 ms
12 bytes from 2001:db8::1711:6b10:65f7:8516: id=85 seq=62 hop limit=63 time = 18.173 ms
12 bytes from 2001:db8::1711:6b10:65f7:8516: id=85 seq=63 hop limit=63 time = 18.179 ms
12 bytes from 2001:db8::1711:6b10:65f7:8516: id=85 seq=64 hop limit=63 time = 17.861 ms
12 bytes from 2001:db8::1711:6b10:65f7:8516: id=85 seq=65 hop limit=63 time = 20.092 ms
12 bytes from 2001:db8::1711:6b10:65f7:8516: id=85 seq=66 hop limit=63 time = 19.459 ms
12 bytes from 2001:db8::1711:6b10:65f7:8516: id=85 seq=67 hop limit=63 time = 21.373 ms
12 bytes from 2001:db8::1711:6b10:65f7:8516: id=85 seq=68 hop limit=63 time = 22.020 ms
12 bytes from 2001:db8::1711:6b10:65f7:8516: id=85 seq=69 hop limit=63 time = 19.453 ms
12 bytes from 2001:db8::1711:6b10:65f7:8516: id=85 seq=70 hop limit=63 time = 17.213 ms
12 bytes from 2001:db8::1711:6b10:65f7:8516: id=85 seq=71 hop limit=63 time = 18.819 ms
12 bytes from 2001:db8::1711:6b10:65f7:8516: id=85 seq=72 hop limit=63 time = 18.819 ms
12 bytes from 2001:db8::1711:6b10:65f7:8516: id=85 seq=73 hop limit=63 time = 18.179 ms
12 bytes from 2001:db8::1711:6b10:65f7:8516: id=85 seq=74 hop limit=63 time = 16.899 ms
12 bytes from 2001:db8::1711:6b10:65f7:8516: id=85 seq=75 hop limit=63 time = 19.139 ms
12 bytes from 2001:db8::1711:6b10:65f7:8516: id=85 seq=76 hop limit=63 time = 18.493 ms
12 bytes from 2001:db8::1711:6b10:65f7:8516: id=85 seq=77 hop limit=63 time = 16.585 ms
12 bytes from 2001:db8::1711:6b10:65f7:8516: id=85 seq=78 hop limit=63 time = 18.180 ms
12 bytes from 2001:db8::1711:6b10:65f7:8516: id=85 seq=79 hop limit=63 time = 21.693 ms
12 bytes from 2001:db8::1711:6b10:65f7:8516: id=85 seq=80 hop limit=63 time = 20.093 ms
12 bytes from 2001:db8::1711:6b10:65f7:8516: id=85 seq=81 hop limit=63 time = 20.412 ms
12 bytes from 2001:db8::1711:6b10:65f7:8516: id=85 seq=82 hop limit=63 time = 17.539 ms
12 bytes from 2001:db8::1711:6b10:65f7:8516: id=85 seq=83 hop limit=63 time = 18.185 ms
12 bytes from 2001:db8::1711:6b10:65f7:8516: id=85 seq=84 hop limit=63 time = 19.133 ms
12 bytes from 2001:db8::1711:6b10:65f7:8516: id=85 seq=85 hop limit=63 time = 21.053 ms
12 bytes from 2001:db8::1711:6b10:65f7:8516: id=85 seq=86 hop limit=63 time = 21.373 ms
12 bytes from 2001:db8::1711:6b10:65f7:8516: id=85 seq=87 hop limit=63 time = 21.692 ms
12 bytes from 2001:db8::1711:6b10:65f7:8516: id=85 seq=88 hop limit=63 time = 21.373 ms
12 bytes from 2001:db8::1711:6b10:65f7:8516: id=85 seq=89 hop limit=63 time = 18.499 ms
12 bytes from 2001:db8::1711:6b10:65f7:8516: id=85 seq=90 hop limit=63 time = 16.905 ms
12 bytes from 2001:db8::1711:6b10:65f7:8516: id=85 seq=91 hop limit=63 time = 16.265 ms
12 bytes from 2001:db8::1711:6b10:65f7:8516: id=85 seq=92 hop limit=63 time = 16.579 ms
12 bytes from 2001:db8::1711:6b10:65f7:8516: id=85 seq=93 hop limit=63 time = 17.852 ms
12 bytes from 2001:db8::1711:6b10:65f7:8516: id=85 seq=94 hop limit=63 time = 18.493 ms
12 bytes from 2001:db8::1711:6b10:65f7:8516: id=85 seq=95 hop limit=63 time = 17.539 ms
12 bytes from 2001:db8::1711:6b10:65f7:8516: id=85 seq=96 hop limit=63 time = 15.945 ms
12 bytes from 2001:db8::1711:6b10:65f7:8516: id=85 seq=97 hop limit=63 time = 18.813 ms
12 bytes from 2001:db8::1711:6b10:65f7:8516: id=85 seq=98 hop limit=63 time = 18.819 ms
12 bytes from 2001:db8::1711:6b10:65f7:8516: id=85 seq=99 hop limit=63 time = 18.812 ms
12 bytes from 2001:db8::1711:6b10:65f7:8516: id=85 seq=100 hop limit=63 time = 18.493 ms
--- 2001:db8::1711:6b10:65f7:8516 ping statistics ---
100 packets transmitted, 100 received, 0% packet loss, time 101.06100741 s
rtt min/avg/max = 14.985/18.978/22.340 ms
> 
> ping6 100 2001:db8::1711:6b10:65f8:bd36
ping timeout
12 bytes from 2001:db8::1711:6b10:65f8:bd36: id=86 seq=2 hop limit=64 time = 20.575 ms
12 bytes from 2001:db8::1711:6b10:65f8:bd36: id=86 seq=3 hop limit=64 time = 8.161 ms
12 bytes from 2001:db8::1711:6b10:65f8:bd36: id=86 seq=4 hop limit=64 time = 10.400 ms
12 bytes from 2001:db8::1711:6b10:65f8:bd36: id=86 seq=5 hop limit=64 time = 16.650 ms
ping timeout
12 bytes from 2001:db8::1711:6b10:65f8:bd36: id=86 seq=7 hop limit=64 time = 14.485 ms
12 bytes from 2001:db8::1711:6b10:65f8:bd36: id=86 seq=8 hop limit=64 time = 9.440 ms
ping timeout
12 bytes from 2001:db8::1711:6b10:65f8:bd36: id=86 seq=10 hop limit=64 time = 14.485 ms
12 bytes from 2001:db8::1711:6b10:65f8:bd36: id=86 seq=11 hop limit=64 time = 19.530 ms
12 bytes from 2001:db8::1711:6b10:65f8:bd36: id=86 seq=12 hop limit=64 time = 12.884 ms
12 bytes from 2001:db8::1711:6b10:65f8:bd36: id=86 seq=13 hop limit=64 time = 17.044 ms
12 bytes from 2001:db8::1711:6b10:65f8:bd36: id=86 seq=14 hop limit=64 time = 10.400 ms
ping timeout
12 bytes from 2001:db8::1711:6b10:65f8:bd36: id=86 seq=16 hop limit=64 time = 13.205 ms
12 bytes from 2001:db8::1711:6b10:65f8:bd36: id=86 seq=17 hop limit=64 time = 14.485 ms
12 bytes from 2001:db8::1711:6b10:65f8:bd36: id=86 seq=18 hop limit=64 time = 22.335 ms
12 bytes from 2001:db8::1711:6b10:65f8:bd36: id=86 seq=19 hop limit=64 time = 26.495 ms
ping timeout
ping timeout
ping timeout
12 bytes from 2001:db8::1711:6b10:65f8:bd36: id=86 seq=23 hop limit=64 time = 8.806 ms
ping timeout
12 bytes from 2001:db8::1711:6b10:65f8:bd36: id=86 seq=25 hop limit=64 time = 22.014 ms
ping timeout
ping timeout
12 bytes from 2001:db8::1711:6b10:65f8:bd36: id=86 seq=28 hop limit=64 time = 22.654 ms
ping timeout
12 bytes from 2001:db8::1711:6b10:65f8:bd36: id=86 seq=30 hop limit=64 time = 12.252 ms
ping timeout
ping timeout
12 bytes from 2001:db8::1711:6b10:65f8:bd36: id=86 seq=33 hop limit=64 time = 34.345 ms
ping timeout
12 bytes from 2001:db8::1711:6b10:65f8:bd36: id=86 seq=35 hop limit=64 time = 11.680 ms
12 bytes from 2001:db8::1711:6b10:65f8:bd36: id=86 seq=35 hop limit=64 time = 0.589 ms
12 bytes from 2001:db8::1711:6b10:65f8:bd36: id=86 seq=36 hop limit=64 time = 0.589 ms
12 bytes from 2001:db8::1711:6b10:65f8:bd36: id=86 seq=37 hop limit=64 time = 0.589 ms
12 bytes from 2001:db8::1711:6b10:65f8:bd36: id=86 seq=38 hop limit=64 time = 0.589 ms
12 bytes from 2001:db8::1711:6b10:65f8:bd36: id=86 seq=39 hop limit=64 time = 0.590 ms
12 bytes from 2001:db8::1711:6b10:65f8:bd36: id=86 seq=40 hop limit=64 time = 0.589 ms
ping timeout
12 bytes from 2001:db8::1711:6b10:65f8:bd36: id=86 seq=43 hop limit=64 time = 29.625 ms
12 bytes from 2001:db8::1711:6b10:65f8:bd36: id=86 seq=44 hop limit=64 time = 7.526 ms
ping timeout
12 bytes from 2001:db8::1711:6b10:65f8:bd36: id=86 seq=46 hop limit=64 time = 23.940 ms
ping timeout
ping timeout
12 bytes from 2001:db8::1711:6b10:65f8:bd36: id=86 seq=49 hop limit=64 time = 13.845 ms
ping timeout
ping timeout
ping timeout
12 bytes from 2001:db8::1711:6b10:65f8:bd36: id=86 seq=53 hop limit=64 time = 9.760 ms
12 bytes from 2001:db8::1711:6b10:65f8:bd36: id=86 seq=53 hop limit=64 time = 0.589 ms
12 bytes from 2001:db8::1711:6b10:65f8:bd36: id=86 seq=55 hop limit=64 time = 11.040 ms
12 bytes from 2001:db8::1711:6b10:65f8:bd36: id=86 seq=55 hop limit=64 time = 0.591 ms
dropping additional response packet (probably caused by duplicates)
12 bytes from 2001:db8::1711:6b10:65f8:bd36: id=86 seq=57 hop limit=64 time = 28.666 ms
12 bytes from 2001:db8::1711:6b10:65f8:bd36: id=86 seq=58 hop limit=64 time = 25.152 ms
ping timeout
ping timeout
ping timeout
12 bytes from 2001:db8::1711:6b10:65f8:bd36: id=86 seq=62 hop limit=64 time = 30.261 ms
ping timeout
12 bytes from 2001:db8::1711:6b10:65f8:bd36: id=86 seq=64 hop limit=64 time = 22.975 ms
ping timeout
ping timeout
ping timeout
ping timeout
ping timeout
ping timeout
ping timeout
ping timeout
12 bytes from 2001:db8::1711:6b10:65f8:bd36: id=86 seq=73 hop limit=64 time = 8.800 ms
ping timeout
12 bytes from 2001:db8::1711:6b10:65f8:bd36: id=86 seq=75 hop limit=64 time = 20.057 ms
ping timeout
ping timeout
12 bytes from 2001:db8::1711:6b10:65f8:bd36: id=86 seq=78 hop limit=64 time = 26.427 ms
ping timeout
12 bytes from 2001:db8::1711:6b10:65f8:bd36: id=86 seq=80 hop limit=64 time = 32.424 ms
12 bytes from 2001:db8::1711:6b10:65f8:bd36: id=86 seq=81 hop limit=64 time = 19.210 ms
12 bytes from 2001:db8::1711:6b10:65f8:bd36: id=86 seq=82 hop limit=64 time = 16.406 ms
12 bytes from 2001:db8::1711:6b10:65f8:bd36: id=86 seq=83 hop limit=64 time = 21.130 ms
12 bytes from 2001:db8::1711:6b10:65f8:bd36: id=86 seq=84 hop limit=64 time = 21.387 ms
12 bytes from 2001:db8::1711:6b10:65f8:bd36: id=86 seq=85 hop limit=64 time = 18.571 ms
12 bytes from 2001:db8::1711:6b10:65f8:bd36: id=86 seq=86 hop limit=64 time = 26.954 ms
12 bytes from 2001:db8::1711:6b10:65f8:bd36: id=86 seq=87 hop limit=64 time = 19.530 ms
12 bytes from 2001:db8::1711:6b10:65f8:bd36: id=86 seq=88 hop limit=64 time = 23.615 ms
12 bytes from 2001:db8::1711:6b10:65f8:bd36: id=86 seq=89 hop limit=64 time = 17.617 ms
12 bytes from 2001:db8::1711:6b10:65f8:bd36: id=86 seq=90 hop limit=64 time = 32.959 ms
12 bytes from 2001:db8::1711:6b10:65f8:bd36: id=86 seq=91 hop limit=64 time = 14.171 ms
12 bytes from 2001:db8::1711:6b10:65f8:bd36: id=86 seq=92 hop limit=64 time = 20.747 ms
12 bytes from 2001:db8::1711:6b10:65f8:bd36: id=86 seq=93 hop limit=64 time = 19.530 ms
12 bytes from 2001:db8::1711:6b10:65f8:bd36: id=86 seq=94 hop limit=64 time = 22.342 ms
12 bytes from 2001:db8::1711:6b10:65f8:bd36: id=86 seq=94 hop limit=64 time = 0.591 ms
12 bytes from 2001:db8::1711:6b10:65f8:bd36: id=86 seq=95 hop limit=64 time = 0.592 ms
12 bytes from 2001:db8::1711:6b10:65f8:bd36: id=86 seq=97 hop limit=64 time = 13.845 ms
12 bytes from 2001:db8::1711:6b10:65f8:bd36: id=86 seq=97 hop limit=64 time = 0.592 ms
12 bytes from 2001:db8::1711:6b10:65f8:bd36: id=86 seq=99 hop limit=64 time = 18.890 ms
12 bytes from 2001:db8::1711:6b10:65f8:bd36: id=86 seq=100 hop limit=64 time = 19.530 ms
--- 2001:db8::1711:6b10:65f8:bd36 ping statistics ---
100 packets transmitted, 63 received, 37% packet loss, time 137.06148094 s
rtt min/avg/max = 0.589/9.857/34.345 ms
> 
> ping6 100 2001:db8::1711:6b10:65f6:8502
ping timeout
ping timeout
ping timeout
ping timeout
ping timeout
ping timeout
ping timeout
ping timeout
ping timeout
ping timeout
ping timeout
ping timeout
ping timeout
ping timeout
ping timeout
ping timeout
ping timeout
ping timeout
ping timeout
ping timeout
ping timeout
ping timeout
ping timeout
ping timeout
ping timeout
ping timeout
12 bytes from 2001:db8::1711:6b10:65f6:8502: id=87 seq=27 hop limit=63 time = 21.495 ms
12 bytes from 2001:db8::1711:6b10:65f6:8502: id=87 seq=28 hop limit=63 time = 21.933 ms
12 bytes from 2001:db8::1711:6b10:65f6:8502: id=87 seq=29 hop limit=63 time = 31.008 ms
12 bytes from 2001:db8::1711:6b10:65f6:8502: id=87 seq=30 hop limit=63 time = 30.119 ms
ping timeout
12 bytes from 2001:db8::1711:6b10:65f6:8502: id=87 seq=32 hop limit=63 time = 26.421 ms
12 bytes from 2001:db8::1711:6b10:65f6:8502: id=87 seq=33 hop limit=63 time = 28.285 ms
ping timeout
ping timeout
12 bytes from 2001:db8::1711:6b10:65f6:8502: id=87 seq=36 hop limit=63 time = 27.494 ms
12 bytes from 2001:db8::1711:6b10:65f6:8502: id=87 seq=36 hop limit=63 time = 0.622 ms
12 bytes from 2001:db8::1711:6b10:65f6:8502: id=87 seq=38 hop limit=63 time = 43.767 ms
ping timeout
12 bytes from 2001:db8::1711:6b10:65f6:8502: id=87 seq=40 hop limit=63 time = 28.066 ms
ping timeout
12 bytes from 2001:db8::1711:6b10:65f6:8502: id=87 seq=42 hop limit=63 time = 27.783 ms
12 bytes from 2001:db8::1711:6b10:65f6:8502: id=87 seq=42 hop limit=63 time = 0.622 ms
12 bytes from 2001:db8::1711:6b10:65f6:8502: id=87 seq=44 hop limit=63 time = 29.810 ms
12 bytes from 2001:db8::1711:6b10:65f6:8502: id=87 seq=45 hop limit=63 time = 24.512 ms
12 bytes from 2001:db8::1711:6b10:65f6:8502: id=87 seq=46 hop limit=63 time = 25.792 ms
12 bytes from 2001:db8::1711:6b10:65f6:8502: id=87 seq=47 hop limit=63 time = 37.446 ms
12 bytes from 2001:db8::1711:6b10:65f6:8502: id=87 seq=48 hop limit=63 time = 30.555 ms
12 bytes from 2001:db8::1711:6b10:65f6:8502: id=87 seq=49 hop limit=63 time = 28.949 ms
12 bytes from 2001:db8::1711:6b10:65f6:8502: id=87 seq=50 hop limit=63 time = 37.759 ms
12 bytes from 2001:db8::1711:6b10:65f6:8502: id=87 seq=51 hop limit=63 time = 31.292 ms
12 bytes from 2001:db8::1711:6b10:65f6:8502: id=87 seq=52 hop limit=63 time = 19.124 ms
12 bytes from 2001:db8::1711:6b10:65f6:8502: id=87 seq=53 hop limit=63 time = 20.076 ms
12 bytes from 2001:db8::1711:6b10:65f6:8502: id=87 seq=54 hop limit=63 time = 25.697 ms
12 bytes from 2001:db8::1711:6b10:65f6:8502: id=87 seq=55 hop limit=63 time = 50.014 ms
12 bytes from 2001:db8::1711:6b10:65f6:8502: id=87 seq=56 hop limit=63 time = 28.629 ms
12 bytes from 2001:db8::1711:6b10:65f6:8502: id=87 seq=56 hop limit=63 time = 0.622 ms
12 bytes from 2001:db8::1711:6b10:65f6:8502: id=87 seq=57 hop limit=63 time = 0.622 ms
12 bytes from 2001:db8::1711:6b10:65f6:8502: id=87 seq=58 hop limit=63 time = 0.622 ms
12 bytes from 2001:db8::1711:6b10:65f6:8502: id=87 seq=59 hop limit=63 time = 0.622 ms
12 bytes from 2001:db8::1711:6b10:65f6:8502: id=87 seq=60 hop limit=63 time = 0.622 ms
12 bytes from 2001:db8::1711:6b10:65f6:8502: id=87 seq=61 hop limit=63 time = 0.622 ms
12 bytes from 2001:db8::1711:6b10:65f6:8502: id=87 seq=62 hop limit=63 time = 0.622 ms
12 bytes from 2001:db8::1711:6b10:65f6:8502: id=87 seq=63 hop limit=63 time = 0.622 ms
12 bytes from 2001:db8::1711:6b10:65f6:8502: id=87 seq=64 hop limit=63 time = 0.622 ms
ping timeout
12 bytes from 2001:db8::1711:6b10:65f6:8502: id=87 seq=67 hop limit=63 time = 44.438 ms
12 bytes from 2001:db8::1711:6b10:65f6:8502: id=87 seq=68 hop limit=63 time = 40.671 ms
ping timeout
12 bytes from 2001:db8::1711:6b10:65f6:8502: id=87 seq=70 hop limit=63 time = 51.081 ms
ping timeout
12 bytes from 2001:db8::1711:6b10:65f6:8502: id=87 seq=72 hop limit=63 time = 23.529 ms
12 bytes from 2001:db8::1711:6b10:65f6:8502: id=87 seq=73 hop limit=63 time = 43.770 ms
12 bytes from 2001:db8::1711:6b10:65f6:8502: id=87 seq=74 hop limit=63 time = 21.011 ms
ping timeout
ping timeout
ping timeout
12 bytes from 2001:db8::1711:6b10:65f6:8502: id=87 seq=78 hop limit=63 time = 28.310 ms
12 bytes from 2001:db8::1711:6b10:65f6:8502: id=87 seq=79 hop limit=63 time = 27.995 ms
12 bytes from 2001:db8::1711:6b10:65f6:8502: id=87 seq=80 hop limit=63 time = 18.136 ms
ping timeout
12 bytes from 2001:db8::1711:6b10:65f6:8502: id=87 seq=82 hop limit=63 time = 35.499 ms
12 bytes from 2001:db8::1711:6b10:65f6:8502: id=87 seq=82 hop limit=63 time = 0.622 ms
12 bytes from 2001:db8::1711:6b10:65f6:8502: id=87 seq=83 hop limit=63 time = 0.622 ms
12 bytes from 2001:db8::1711:6b10:65f6:8502: id=87 seq=84 hop limit=63 time = 0.621 ms
ping timeout
12 bytes from 2001:db8::1711:6b10:65f6:8502: id=87 seq=87 hop limit=63 time = 43.764 ms
12 bytes from 2001:db8::1711:6b10:65f6:8502: id=87 seq=87 hop limit=63 time = 0.622 ms
12 bytes from 2001:db8::1711:6b10:65f6:8502: id=87 seq=89 hop limit=63 time = 38.049 ms
12 bytes from 2001:db8::1711:6b10:65f6:8502: id=87 seq=90 hop limit=63 time = 34.316 ms
ping timeout
ping timeout
12 bytes from 2001:db8::1711:6b10:65f6:8502: id=87 seq=93 hop limit=63 time = 16.568 ms
12 bytes from 2001:db8::1711:6b10:65f6:8502: id=87 seq=94 hop limit=63 time = 29.526 ms
12 bytes from 2001:db8::1711:6b10:65f6:8502: id=87 seq=95 hop limit=63 time = 42.726 ms
12 bytes from 2001:db8::1711:6b10:65f6:8502: id=87 seq=95 hop limit=63 time = 0.622 ms
12 bytes from 2001:db8::1711:6b10:65f6:8502: id=87 seq=96 hop limit=63 time = 0.622 ms
12 bytes from 2001:db8::1711:6b10:65f6:8502: id=87 seq=97 hop limit=63 time = 0.622 ms
12 bytes from 2001:db8::1711:6b10:65f6:8502: id=87 seq=98 hop limit=63 time = 0.622 ms
12 bytes from 2001:db8::1711:6b10:65f6:8502: id=87 seq=99 hop limit=63 time = 0.622 ms
--- 2001:db8::1711:6b10:65f6:8502 ping statistics ---
100 packets transmitted, 59 received, 41% packet loss, time 141.06385502 s
rtt min/avg/max = 0.621/12.278/51.081 ms
> 
> ping6 100 2001:db8::1711:6b10:65f1:5822
ping timeout
ping timeout
ping timeout
ping timeout
ping timeout
ping timeout
ping timeout
ping timeout
ping timeout
ping timeout
ping timeout
ping timeout
ping timeout
ping timeout
ping timeout
ping timeout
ping timeout
ping timeout
ping timeout
ping timeout
ping timeout
ping timeout
ping timeout
ping timeout
ping timeout
ping timeout
ping timeout
ping timeout
ping timeout
ping timeout
ping timeout
ping timeout
ping timeout
ping timeout
ping timeout
ping timeout
ping timeout
ping timeout
ping timeout
ping timeout
ping timeout
ping timeout
ping timeout
ping timeout
ping timeout
ping timeout
ping timeout
ping timeout
ping timeout
ping timeout
ping timeout
ping timeout
ping timeout
ping timeout
ping timeout
ping timeout
ping timeout
ping timeout
ping timeout
ping timeout
ping timeout
ping timeout
ping timeout
ping timeout
ping timeout
ping timeout
ping timeout
ping timeout
ping timeout
ping timeout
ping timeout
ping timeout
ping timeout
ping timeout
ping timeout
ping timeout
ping timeout
ping timeout
ping timeout
ping timeout
ping timeout
ping timeout
ping timeout
ping timeout
ping timeout
ping timeout
ping timeout
ping timeout
ping timeout
ping timeout
ping timeout
ping timeout
ping timeout
ping timeout
ping timeout
ping timeout
ping timeout
ping timeout
ping timeout
ping timeout
--- 2001:db8::1711:6b10:65f1:5822 ping statistics ---
100 packets transmitted, 0 received, 100% packet loss